[0.145s] Invoking command in '/home/ginnie/colcon_ws/src/svs_driver/build/svs_interfaces': CMAKE_PREFIX_PATH=${CMAKE_PREFIX_PATH}:/home/ginnie/colcon_ws/install/workshopfun:/home/ginnie/colcon_ws/install/utm_latlon_converter:/home/ginnie/colcon_ws/install/str_json_mqtt_bridge:/home/ginnie/colcon_ws/install/smarc_nodered:/home/ginnie/colcon_ws/install/smarc_bt:/home/ginnie/colcon_ws/install/smarc_bringups:/home/ginnie/colcon_ws/install/sam_joy_xbox:/home/ginnie/colcon_ws/install/sam_joy_teleop:/home/ginnie/colcon_ws/install/sam_diving_controller:/home/ginnie/colcon_ws/install/sam_dead_reckoning:/home/ginnie/colcon_ws/install/ros_tcp_endpoint:/home/ginnie/colcon_ws/install/ros2_python_examples:/home/ginnie/colcon_ws/install/mqtt_bridge:/home/ginnie/colcon_ws/install/dubins_planner:/home/ginnie/colcon_ws/install/drone_dr:/home/ginnie/colcon_ws/install/auv_detector:/opt/ros/humble /usr/bin/cmake --build /home/ginnie/colcon_ws/src/svs_driver/build/svs_interfaces -- -j32 -l32
[0.178s] [35m[1mConsolidate compiler generated dependencies of target svs_interfaces__rosidl_generator_c[0m
[0.183s] [  3%] Built target svs_interfaces__cpp
[0.184s] [ 12%] Built target svs_interfaces__rosidl_generator_c
[0.190s] [35m[1mConsolidate compiler generated dependencies of target svs_interfaces__rosidl_typesupport_introspection_cpp[0m
[0.190s] [35m[1mConsolidate compiler generated dependencies of target svs_interfaces__rosidl_typesupport_fastrtps_cpp[0m
[0.190s] [35m[1mConsolidate compiler generated dependencies of target svs_interfaces__rosidl_typesupport_introspection_c[0m
[0.190s] [35m[1mConsolidate compiler generated dependencies of target svs_interfaces__rosidl_typesupport_cpp[0m
[0.190s] [ 12%] Built target ament_cmake_python_copy_svs_interfaces
[0.191s] [35m[1mConsolidate compiler generated dependencies of target svs_interfaces__rosidl_typesupport_fastrtps_c[0m
[0.191s] [35m[1mConsolidate compiler generated dependencies of target svs_interfaces__rosidl_typesupport_c[0m
[0.196s] [ 22%] Built target svs_interfaces__rosidl_typesupport_introspection_c
[0.197s] [ 32%] Built target svs_interfaces__rosidl_typesupport_introspection_cpp
[0.197s] [ 41%] Built target svs_interfaces__rosidl_typesupport_cpp
[0.198s] [ 51%] Built target svs_interfaces__rosidl_typesupport_fastrtps_c
[0.199s] [ 61%] Built target svs_interfaces__rosidl_typesupport_fastrtps_cpp
[0.199s] [ 70%] Built target svs_interfaces__rosidl_typesupport_c
[0.213s] [ 70%] Built target svs_interfaces
[0.227s] [ 74%] Built target svs_interfaces__py
[0.235s] [35m[1mConsolidate compiler generated dependencies of target svs_interfaces__rosidl_generator_py[0m
[0.244s] [ 80%] Built target svs_interfaces__rosidl_generator_py
[0.253s] [35m[1mConsolidate compiler generated dependencies of target svs_interfaces__rosidl_typesupport_fastrtps_c__pyext[0m
[0.253s] [35m[1mConsolidate compiler generated dependencies of target svs_interfaces__rosidl_typesupport_introspection_c__pyext[0m
[0.253s] [35m[1mConsolidate compiler generated dependencies of target svs_interfaces__rosidl_typesupport_c__pyext[0m
[0.263s] [ 87%] Built target svs_interfaces__rosidl_typesupport_fastrtps_c__pyext
[0.263s] [ 93%] Built target svs_interfaces__rosidl_typesupport_c__pyext
[0.264s] [100%] Built target svs_interfaces__rosidl_typesupport_introspection_c__pyext
[0.360s] running egg_info
[0.360s] writing svs_interfaces.egg-info/PKG-INFO
[0.361s] writing dependency_links to svs_interfaces.egg-info/dependency_links.txt
[0.361s] writing top-level names to svs_interfaces.egg-info/top_level.txt
[0.362s] reading manifest file 'svs_interfaces.egg-info/SOURCES.txt'
[0.362s] writing manifest file 'svs_interfaces.egg-info/SOURCES.txt'
[0.379s] [100%] Built target ament_cmake_python_build_svs_interfaces_egg
[0.388s] Invoked command in '/home/ginnie/colcon_ws/src/svs_driver/build/svs_interfaces' returned '0': CMAKE_PREFIX_PATH=${CMAKE_PREFIX_PATH}:/home/ginnie/colcon_ws/install/workshopfun:/home/ginnie/colcon_ws/install/utm_latlon_converter:/home/ginnie/colcon_ws/install/str_json_mqtt_bridge:/home/ginnie/colcon_ws/install/smarc_nodered:/home/ginnie/colcon_ws/install/smarc_bt:/home/ginnie/colcon_ws/install/smarc_bringups:/home/ginnie/colcon_ws/install/sam_joy_xbox:/home/ginnie/colcon_ws/install/sam_joy_teleop:/home/ginnie/colcon_ws/install/sam_diving_controller:/home/ginnie/colcon_ws/install/sam_dead_reckoning:/home/ginnie/colcon_ws/install/ros_tcp_endpoint:/home/ginnie/colcon_ws/install/ros2_python_examples:/home/ginnie/colcon_ws/install/mqtt_bridge:/home/ginnie/colcon_ws/install/dubins_planner:/home/ginnie/colcon_ws/install/drone_dr:/home/ginnie/colcon_ws/install/auv_detector:/opt/ros/humble /usr/bin/cmake --build /home/ginnie/colcon_ws/src/svs_driver/build/svs_interfaces -- -j32 -l32
[0.397s] Invoking command in '/home/ginnie/colcon_ws/src/svs_driver/build/svs_interfaces': CMAKE_PREFIX_PATH=${CMAKE_PREFIX_PATH}:/home/ginnie/colcon_ws/install/workshopfun:/home/ginnie/colcon_ws/install/utm_latlon_converter:/home/ginnie/colcon_ws/install/str_json_mqtt_bridge:/home/ginnie/colcon_ws/install/smarc_nodered:/home/ginnie/colcon_ws/install/smarc_bt:/home/ginnie/colcon_ws/install/smarc_bringups:/home/ginnie/colcon_ws/install/sam_joy_xbox:/home/ginnie/colcon_ws/install/sam_joy_teleop:/home/ginnie/colcon_ws/install/sam_diving_controller:/home/ginnie/colcon_ws/install/sam_dead_reckoning:/home/ginnie/colcon_ws/install/ros_tcp_endpoint:/home/ginnie/colcon_ws/install/ros2_python_examples:/home/ginnie/colcon_ws/install/mqtt_bridge:/home/ginnie/colcon_ws/install/dubins_planner:/home/ginnie/colcon_ws/install/drone_dr:/home/ginnie/colcon_ws/install/auv_detector:/opt/ros/humble /usr/bin/cmake --install /home/ginnie/colcon_ws/src/svs_driver/build/svs_interfaces
[0.401s] -- Install configuration: ""
[0.401s] -- Up-to-date: /home/ginnie/colcon_ws/src/svs_driver/install/svs_interfaces/share/ament_index/resource_index/rosidl_interfaces/svs_interfaces
[0.401s] -- Up-to-date: /home/ginnie/colcon_ws/src/svs_driver/install/svs_interfaces/include/svs_interfaces/svs_interfaces
[0.401s] -- Up-to-date: /home/ginnie/colcon_ws/src/svs_driver/install/svs_interfaces/include/svs_interfaces/svs_interfaces/msg
[0.401s] -- Up-to-date: /home/ginnie/colcon_ws/src/svs_driver/install/svs_interfaces/include/svs_interfaces/svs_interfaces/msg/svs.h
[0.401s] -- Up-to-date: /home/ginnie/colcon_ws/src/svs_driver/install/svs_interfaces/include/svs_interfaces/svs_interfaces/msg/detail
[0.401s] -- Up-to-date: /home/ginnie/colcon_ws/src/svs_driver/install/svs_interfaces/include/svs_interfaces/svs_interfaces/msg/detail/svs__type_support.h
[0.401s] -- Up-to-date: /home/ginnie/colcon_ws/src/svs_driver/install/svs_interfaces/include/svs_interfaces/svs_interfaces/msg/detail/svs__functions.h
[0.401s] -- Up-to-date: /home/ginnie/colcon_ws/src/svs_driver/install/svs_interfaces/include/svs_interfaces/svs_interfaces/msg/detail/svs__functions.c
[0.401s] -- Up-to-date: /home/ginnie/colcon_ws/src/svs_driver/install/svs_interfaces/include/svs_interfaces/svs_interfaces/msg/detail/svs__struct.h
[0.401s] -- Up-to-date: /home/ginnie/colcon_ws/src/svs_driver/install/svs_interfaces/include/svs_interfaces/svs_interfaces/msg/rosidl_generator_c__visibility_control.h
[0.401s] -- Up-to-date: /home/ginnie/colcon_ws/src/svs_driver/install/svs_interfaces/share/svs_interfaces/environment/library_path.sh
[0.401s] -- Up-to-date: /home/ginnie/colcon_ws/src/svs_driver/install/svs_interfaces/share/svs_interfaces/environment/library_path.dsv
[0.402s] -- Up-to-date: /home/ginnie/colcon_ws/src/svs_driver/install/svs_interfaces/lib/libsvs_interfaces__rosidl_generator_c.so
[0.402s] -- Up-to-date: /home/ginnie/colcon_ws/src/svs_driver/install/svs_interfaces/include/svs_interfaces/svs_interfaces
[0.402s] -- Up-to-date: /home/ginnie/colcon_ws/src/svs_driver/install/svs_interfaces/include/svs_interfaces/svs_interfaces/msg
[0.402s] -- Up-to-date: /home/ginnie/colcon_ws/src/svs_driver/install/svs_interfaces/include/svs_interfaces/svs_interfaces/msg/detail
[0.402s] -- Up-to-date: /home/ginnie/colcon_ws/src/svs_driver/install/svs_interfaces/include/svs_interfaces/svs_interfaces/msg/detail/svs__rosidl_typesupport_fastrtps_c.h
[0.402s] -- Up-to-date: /home/ginnie/colcon_ws/src/svs_driver/install/svs_interfaces/include/svs_interfaces/svs_interfaces/msg/rosidl_typesupport_fastrtps_c__visibility_control.h
[0.402s] -- Up-to-date: /home/ginnie/colcon_ws/src/svs_driver/install/svs_interfaces/lib/libsvs_interfaces__rosidl_typesupport_fastrtps_c.so
[0.402s] -- Up-to-date: /home/ginnie/colcon_ws/src/svs_driver/install/svs_interfaces/include/svs_interfaces/svs_interfaces
[0.402s] -- Up-to-date: /home/ginnie/colcon_ws/src/svs_driver/install/svs_interfaces/include/svs_interfaces/svs_interfaces/msg
[0.402s] -- Up-to-date: /home/ginnie/colcon_ws/src/svs_driver/install/svs_interfaces/include/svs_interfaces/svs_interfaces/msg/rosidl_generator_cpp__visibility_control.hpp
[0.402s] -- Up-to-date: /home/ginnie/colcon_ws/src/svs_driver/install/svs_interfaces/include/svs_interfaces/svs_interfaces/msg/svs.hpp
[0.402s] -- Up-to-date: /home/ginnie/colcon_ws/src/svs_driver/install/svs_interfaces/include/svs_interfaces/svs_interfaces/msg/detail
[0.402s] -- Up-to-date: /home/ginnie/colcon_ws/src/svs_driver/install/svs_interfaces/include/svs_interfaces/svs_interfaces/msg/detail/svs__struct.hpp
[0.402s] -- Up-to-date: /home/ginnie/colcon_ws/src/svs_driver/install/svs_interfaces/include/svs_interfaces/svs_interfaces/msg/detail/svs__builder.hpp
[0.402s] -- Up-to-date: /home/ginnie/colcon_ws/src/svs_driver/install/svs_interfaces/include/svs_interfaces/svs_interfaces/msg/detail/svs__traits.hpp
[0.402s] -- Up-to-date: /home/ginnie/colcon_ws/src/svs_driver/install/svs_interfaces/include/svs_interfaces/svs_interfaces/msg/detail/svs__type_support.hpp
[0.402s] -- Up-to-date: /home/ginnie/colcon_ws/src/svs_driver/install/svs_interfaces/include/svs_interfaces/svs_interfaces
[0.402s] -- Up-to-date: /home/ginnie/colcon_ws/src/svs_driver/install/svs_interfaces/include/svs_interfaces/svs_interfaces/msg
[0.402s] -- Up-to-date: /home/ginnie/colcon_ws/src/svs_driver/install/svs_interfaces/include/svs_interfaces/svs_interfaces/msg/rosidl_typesupport_fastrtps_cpp__visibility_control.h
[0.402s] -- Up-to-date: /home/ginnie/colcon_ws/src/svs_driver/install/svs_interfaces/include/svs_interfaces/svs_interfaces/msg/detail
[0.402s] -- Up-to-date: /home/ginnie/colcon_ws/src/svs_driver/install/svs_interfaces/include/svs_interfaces/svs_interfaces/msg/detail/svs__rosidl_typesupport_fastrtps_cpp.hpp
[0.402s] -- Up-to-date: /home/ginnie/colcon_ws/src/svs_driver/install/svs_interfaces/include/svs_interfaces/svs_interfaces/msg/detail/dds_fastrtps
[0.402s] -- Up-to-date: /home/ginnie/colcon_ws/src/svs_driver/install/svs_interfaces/lib/libsvs_interfaces__rosidl_typesupport_fastrtps_cpp.so
[0.402s] -- Up-to-date: /home/ginnie/colcon_ws/src/svs_driver/install/svs_interfaces/include/svs_interfaces/svs_interfaces
[0.402s] -- Up-to-date: /home/ginnie/colcon_ws/src/svs_driver/install/svs_interfaces/include/svs_interfaces/svs_interfaces/msg
[0.402s] -- Up-to-date: /home/ginnie/colcon_ws/src/svs_driver/install/svs_interfaces/include/svs_interfaces/svs_interfaces/msg/rosidl_typesupport_introspection_c__visibility_control.h
[0.402s] -- Up-to-date: /home/ginnie/colcon_ws/src/svs_driver/install/svs_interfaces/include/svs_interfaces/svs_interfaces/msg/detail
[0.402s] -- Up-to-date: /home/ginnie/colcon_ws/src/svs_driver/install/svs_interfaces/include/svs_interfaces/svs_interfaces/msg/detail/svs__rosidl_typesupport_introspection_c.h
[0.402s] -- Up-to-date: /home/ginnie/colcon_ws/src/svs_driver/install/svs_interfaces/include/svs_interfaces/svs_interfaces/msg/detail/svs__type_support.c
[0.402s] -- Up-to-date: /home/ginnie/colcon_ws/src/svs_driver/install/svs_interfaces/lib/libsvs_interfaces__rosidl_typesupport_introspection_c.so
[0.402s] -- Up-to-date: /home/ginnie/colcon_ws/src/svs_driver/install/svs_interfaces/lib/libsvs_interfaces__rosidl_typesupport_c.so
[0.402s] -- Up-to-date: /home/ginnie/colcon_ws/src/svs_driver/install/svs_interfaces/include/svs_interfaces/svs_interfaces
[0.402s] -- Up-to-date: /home/ginnie/colcon_ws/src/svs_driver/install/svs_interfaces/include/svs_interfaces/svs_interfaces/msg
[0.402s] -- Up-to-date: /home/ginnie/colcon_ws/src/svs_driver/install/svs_interfaces/include/svs_interfaces/svs_interfaces/msg/detail
[0.402s] -- Up-to-date: /home/ginnie/colcon_ws/src/svs_driver/install/svs_interfaces/include/svs_interfaces/svs_interfaces/msg/detail/svs__rosidl_typesupport_introspection_cpp.hpp
[0.402s] -- Up-to-date: /home/ginnie/colcon_ws/src/svs_driver/install/svs_interfaces/include/svs_interfaces/svs_interfaces/msg/detail/svs__type_support.cpp
[0.402s] -- Up-to-date: /home/ginnie/colcon_ws/src/svs_driver/install/svs_interfaces/lib/libsvs_interfaces__rosidl_typesupport_introspection_cpp.so
[0.403s] -- Up-to-date: /home/ginnie/colcon_ws/src/svs_driver/install/svs_interfaces/lib/libsvs_interfaces__rosidl_typesupport_cpp.so
[0.403s] -- Up-to-date: /home/ginnie/colcon_ws/src/svs_driver/install/svs_interfaces/share/svs_interfaces/environment/pythonpath.sh
[0.403s] -- Up-to-date: /home/ginnie/colcon_ws/src/svs_driver/install/svs_interfaces/share/svs_interfaces/environment/pythonpath.dsv
[0.403s] -- Up-to-date: /home/ginnie/colcon_ws/src/svs_driver/install/svs_interfaces/local/lib/python3.10/dist-packages/svs_interfaces-0.0.0-py3.10.egg-info
[0.403s] -- Installing: /home/ginnie/colcon_ws/src/svs_driver/install/svs_interfaces/local/lib/python3.10/dist-packages/svs_interfaces-0.0.0-py3.10.egg-info/SOURCES.txt
[0.403s] -- Installing: /home/ginnie/colcon_ws/src/svs_driver/install/svs_interfaces/local/lib/python3.10/dist-packages/svs_interfaces-0.0.0-py3.10.egg-info/dependency_links.txt
[0.403s] -- Installing: /home/ginnie/colcon_ws/src/svs_driver/install/svs_interfaces/local/lib/python3.10/dist-packages/svs_interfaces-0.0.0-py3.10.egg-info/top_level.txt
[0.403s] -- Installing: /home/ginnie/colcon_ws/src/svs_driver/install/svs_interfaces/local/lib/python3.10/dist-packages/svs_interfaces-0.0.0-py3.10.egg-info/PKG-INFO
[0.403s] -- Up-to-date: /home/ginnie/colcon_ws/src/svs_driver/install/svs_interfaces/local/lib/python3.10/dist-packages/svs_interfaces
[0.403s] -- Up-to-date: /home/ginnie/colcon_ws/src/svs_driver/install/svs_interfaces/local/lib/python3.10/dist-packages/svs_interfaces/svs_interfaces_s__rosidl_typesupport_fastrtps_c.cpython-310-x86_64-linux-gnu.so
[0.403s] -- Up-to-date: /home/ginnie/colcon_ws/src/svs_driver/install/svs_interfaces/local/lib/python3.10/dist-packages/svs_interfaces/svs_interfaces_s__rosidl_typesupport_c.cpython-310-x86_64-linux-gnu.so
[0.403s] -- Up-to-date: /home/ginnie/colcon_ws/src/svs_driver/install/svs_interfaces/local/lib/python3.10/dist-packages/svs_interfaces/_svs_interfaces_s.ep.rosidl_typesupport_c.c
[0.403s] -- Up-to-date: /home/ginnie/colcon_ws/src/svs_driver/install/svs_interfaces/local/lib/python3.10/dist-packages/svs_interfaces/msg
[0.403s] -- Up-to-date: /home/ginnie/colcon_ws/src/svs_driver/install/svs_interfaces/local/lib/python3.10/dist-packages/svs_interfaces/msg/_svs_s.c
[0.403s] -- Up-to-date: /home/ginnie/colcon_ws/src/svs_driver/install/svs_interfaces/local/lib/python3.10/dist-packages/svs_interfaces/msg/_svs.py
[0.403s] -- Up-to-date: /home/ginnie/colcon_ws/src/svs_driver/install/svs_interfaces/local/lib/python3.10/dist-packages/svs_interfaces/msg/__init__.py
[0.403s] -- Up-to-date: /home/ginnie/colcon_ws/src/svs_driver/install/svs_interfaces/local/lib/python3.10/dist-packages/svs_interfaces/__init__.py
[0.403s] -- Up-to-date: /home/ginnie/colcon_ws/src/svs_driver/install/svs_interfaces/local/lib/python3.10/dist-packages/svs_interfaces/libsvs_interfaces__rosidl_generator_py.so
[0.403s] -- Up-to-date: /home/ginnie/colcon_ws/src/svs_driver/install/svs_interfaces/local/lib/python3.10/dist-packages/svs_interfaces/_svs_interfaces_s.ep.rosidl_typesupport_introspection_c.c
[0.403s] -- Up-to-date: /home/ginnie/colcon_ws/src/svs_driver/install/svs_interfaces/local/lib/python3.10/dist-packages/svs_interfaces/svs_interfaces_s__rosidl_typesupport_introspection_c.cpython-310-x86_64-linux-gnu.so
[0.403s] -- Up-to-date: /home/ginnie/colcon_ws/src/svs_driver/install/svs_interfaces/local/lib/python3.10/dist-packages/svs_interfaces/_svs_interfaces_s.ep.rosidl_typesupport_fastrtps_c.c
[0.426s] Listing '/home/ginnie/colcon_ws/src/svs_driver/install/svs_interfaces/local/lib/python3.10/dist-packages/svs_interfaces'...
[0.426s] Listing '/home/ginnie/colcon_ws/src/svs_driver/install/svs_interfaces/local/lib/python3.10/dist-packages/svs_interfaces/msg'...
[0.429s] -- Up-to-date: /home/ginnie/colcon_ws/src/svs_driver/install/svs_interfaces/local/lib/python3.10/dist-packages/svs_interfaces/svs_interfaces_s__rosidl_typesupport_fastrtps_c.cpython-310-x86_64-linux-gnu.so
[0.429s] -- Up-to-date: /home/ginnie/colcon_ws/src/svs_driver/install/svs_interfaces/local/lib/python3.10/dist-packages/svs_interfaces/svs_interfaces_s__rosidl_typesupport_introspection_c.cpython-310-x86_64-linux-gnu.so
[0.429s] -- Up-to-date: /home/ginnie/colcon_ws/src/svs_driver/install/svs_interfaces/local/lib/python3.10/dist-packages/svs_interfaces/svs_interfaces_s__rosidl_typesupport_c.cpython-310-x86_64-linux-gnu.so
[0.429s] -- Up-to-date: /home/ginnie/colcon_ws/src/svs_driver/install/svs_interfaces/lib/libsvs_interfaces__rosidl_generator_py.so
[0.429s] -- Up-to-date: /home/ginnie/colcon_ws/src/svs_driver/install/svs_interfaces/share/svs_interfaces/msg/SVS.idl
[0.429s] -- Up-to-date: /home/ginnie/colcon_ws/src/svs_driver/install/svs_interfaces/share/svs_interfaces/msg/SVS.msg
[0.429s] -- Up-to-date: /home/ginnie/colcon_ws/src/svs_driver/install/svs_interfaces/share/ament_index/resource_index/package_run_dependencies/svs_interfaces
[0.429s] -- Up-to-date: /home/ginnie/colcon_ws/src/svs_driver/install/svs_interfaces/share/ament_index/resource_index/parent_prefix_path/svs_interfaces
[0.429s] -- Up-to-date: /home/ginnie/colcon_ws/src/svs_driver/install/svs_interfaces/share/svs_interfaces/environment/ament_prefix_path.sh
[0.429s] -- Up-to-date: /home/ginnie/colcon_ws/src/svs_driver/install/svs_interfaces/share/svs_interfaces/environment/ament_prefix_path.dsv
[0.429s] -- Up-to-date: /home/ginnie/colcon_ws/src/svs_driver/install/svs_interfaces/share/svs_interfaces/environment/path.sh
[0.429s] -- Up-to-date: /home/ginnie/colcon_ws/src/svs_driver/install/svs_interfaces/share/svs_interfaces/environment/path.dsv
[0.429s] -- Up-to-date: /home/ginnie/colcon_ws/src/svs_driver/install/svs_interfaces/share/svs_interfaces/local_setup.bash
[0.429s] -- Up-to-date: /home/ginnie/colcon_ws/src/svs_driver/install/svs_interfaces/share/svs_interfaces/local_setup.sh
[0.430s] -- Up-to-date: /home/ginnie/colcon_ws/src/svs_driver/install/svs_interfaces/share/svs_interfaces/local_setup.zsh
[0.430s] -- Up-to-date: /home/ginnie/colcon_ws/src/svs_driver/install/svs_interfaces/share/svs_interfaces/local_setup.dsv
[0.430s] -- Installing: /home/ginnie/colcon_ws/src/svs_driver/install/svs_interfaces/share/svs_interfaces/package.dsv
[0.430s] -- Up-to-date: /home/ginnie/colcon_ws/src/svs_driver/install/svs_interfaces/share/ament_index/resource_index/packages/svs_interfaces
[0.430s] -- Up-to-date: /home/ginnie/colcon_ws/src/svs_driver/install/svs_interfaces/share/svs_interfaces/cmake/export_svs_interfaces__rosidl_generator_cExport.cmake
[0.430s] -- Up-to-date: /home/ginnie/colcon_ws/src/svs_driver/install/svs_interfaces/share/svs_interfaces/cmake/export_svs_interfaces__rosidl_generator_cExport-noconfig.cmake
[0.430s] -- Up-to-date: /home/ginnie/colcon_ws/src/svs_driver/install/svs_interfaces/share/svs_interfaces/cmake/export_svs_interfaces__rosidl_typesupport_fastrtps_cExport.cmake
[0.430s] -- Up-to-date: /home/ginnie/colcon_ws/src/svs_driver/install/svs_interfaces/share/svs_interfaces/cmake/export_svs_interfaces__rosidl_typesupport_fastrtps_cExport-noconfig.cmake
[0.430s] -- Up-to-date: /home/ginnie/colcon_ws/src/svs_driver/install/svs_interfaces/share/svs_interfaces/cmake/export_svs_interfaces__rosidl_generator_cppExport.cmake
[0.430s] -- Up-to-date: /home/ginnie/colcon_ws/src/svs_driver/install/svs_interfaces/share/svs_interfaces/cmake/export_svs_interfaces__rosidl_typesupport_fastrtps_cppExport.cmake
[0.430s] -- Up-to-date: /home/ginnie/colcon_ws/src/svs_driver/install/svs_interfaces/share/svs_interfaces/cmake/export_svs_interfaces__rosidl_typesupport_fastrtps_cppExport-noconfig.cmake
[0.430s] -- Up-to-date: /home/ginnie/colcon_ws/src/svs_driver/install/svs_interfaces/share/svs_interfaces/cmake/svs_interfaces__rosidl_typesupport_introspection_cExport.cmake
[0.430s] -- Up-to-date: /home/ginnie/colcon_ws/src/svs_driver/install/svs_interfaces/share/svs_interfaces/cmake/svs_interfaces__rosidl_typesupport_introspection_cExport-noconfig.cmake
[0.430s] -- Up-to-date: /home/ginnie/colcon_ws/src/svs_driver/install/svs_interfaces/share/svs_interfaces/cmake/svs_interfaces__rosidl_typesupport_cExport.cmake
[0.430s] -- Up-to-date: /home/ginnie/colcon_ws/src/svs_driver/install/svs_interfaces/share/svs_interfaces/cmake/svs_interfaces__rosidl_typesupport_cExport-noconfig.cmake
[0.430s] -- Up-to-date: /home/ginnie/colcon_ws/src/svs_driver/install/svs_interfaces/share/svs_interfaces/cmake/svs_interfaces__rosidl_typesupport_introspection_cppExport.cmake
[0.430s] -- Up-to-date: /home/ginnie/colcon_ws/src/svs_driver/install/svs_interfaces/share/svs_interfaces/cmake/svs_interfaces__rosidl_typesupport_introspection_cppExport-noconfig.cmake
[0.430s] -- Up-to-date: /home/ginnie/colcon_ws/src/svs_driver/install/svs_interfaces/share/svs_interfaces/cmake/svs_interfaces__rosidl_typesupport_cppExport.cmake
[0.430s] -- Up-to-date: /home/ginnie/colcon_ws/src/svs_driver/install/svs_interfaces/share/svs_interfaces/cmake/svs_interfaces__rosidl_typesupport_cppExport-noconfig.cmake
[0.430s] -- Up-to-date: /home/ginnie/colcon_ws/src/svs_driver/install/svs_interfaces/share/svs_interfaces/cmake/export_svs_interfaces__rosidl_generator_pyExport.cmake
[0.430s] -- Up-to-date: /home/ginnie/colcon_ws/src/svs_driver/install/svs_interfaces/share/svs_interfaces/cmake/export_svs_interfaces__rosidl_generator_pyExport-noconfig.cmake
[0.430s] -- Up-to-date: /home/ginnie/colcon_ws/src/svs_driver/install/svs_interfaces/share/svs_interfaces/cmake/rosidl_cmake-extras.cmake
[0.430s] -- Up-to-date: /home/ginnie/colcon_ws/src/svs_driver/install/svs_interfaces/share/svs_interfaces/cmake/ament_cmake_export_dependencies-extras.cmake
[0.430s] -- Up-to-date: /home/ginnie/colcon_ws/src/svs_driver/install/svs_interfaces/share/svs_interfaces/cmake/ament_cmake_export_include_directories-extras.cmake
[0.430s] -- Up-to-date: /home/ginnie/colcon_ws/src/svs_driver/install/svs_interfaces/share/svs_interfaces/cmake/ament_cmake_export_libraries-extras.cmake
[0.430s] -- Up-to-date: /home/ginnie/colcon_ws/src/svs_driver/install/svs_interfaces/share/svs_interfaces/cmake/ament_cmake_export_targets-extras.cmake
[0.430s] -- Up-to-date: /home/ginnie/colcon_ws/src/svs_driver/install/svs_interfaces/share/svs_interfaces/cmake/rosidl_cmake_export_typesupport_targets-extras.cmake
[0.430s] -- Up-to-date: /home/ginnie/colcon_ws/src/svs_driver/install/svs_interfaces/share/svs_interfaces/cmake/rosidl_cmake_export_typesupport_libraries-extras.cmake
[0.430s] -- Up-to-date: /home/ginnie/colcon_ws/src/svs_driver/install/svs_interfaces/share/svs_interfaces/cmake/svs_interfacesConfig.cmake
[0.430s] -- Up-to-date: /home/ginnie/colcon_ws/src/svs_driver/install/svs_interfaces/share/svs_interfaces/cmake/svs_interfacesConfig-version.cmake
[0.430s] -- Up-to-date: /home/ginnie/colcon_ws/src/svs_driver/install/svs_interfaces/share/svs_interfaces/package.xml
[0.431s] Invoked command in '/home/ginnie/colcon_ws/src/svs_driver/build/svs_interfaces' returned '0': CMAKE_PREFIX_PATH=${CMAKE_PREFIX_PATH}:/home/ginnie/colcon_ws/install/workshopfun:/home/ginnie/colcon_ws/install/utm_latlon_converter:/home/ginnie/colcon_ws/install/str_json_mqtt_bridge:/home/ginnie/colcon_ws/install/smarc_nodered:/home/ginnie/colcon_ws/install/smarc_bt:/home/ginnie/colcon_ws/install/smarc_bringups:/home/ginnie/colcon_ws/install/sam_joy_xbox:/home/ginnie/colcon_ws/install/sam_joy_teleop:/home/ginnie/colcon_ws/install/sam_diving_controller:/home/ginnie/colcon_ws/install/sam_dead_reckoning:/home/ginnie/colcon_ws/install/ros_tcp_endpoint:/home/ginnie/colcon_ws/install/ros2_python_examples:/home/ginnie/colcon_ws/install/mqtt_bridge:/home/ginnie/colcon_ws/install/dubins_planner:/home/ginnie/colcon_ws/install/drone_dr:/home/ginnie/colcon_ws/install/auv_detector:/opt/ros/humble /usr/bin/cmake --install /home/ginnie/colcon_ws/src/svs_driver/build/svs_interfaces
