[0.070s] DEBUG:colcon:Command line arguments: ['/usr/bin/colcon', 'build']
[0.070s] DEBUG:colcon:Parsed command line arguments: Namespace(log_base=None, log_level=None, verb_name='build', build_base='build', install_base='install', merge_install=False, symlink_install=False, test_result_base=None, continue_on_error=False, executor='parallel', parallel_workers=32, event_handlers=None, ignore_user_meta=False, metas=['./colcon.meta'], base_paths=['.'], packages_ignore=None, packages_ignore_regex=None, paths=None, packages_up_to=None, packages_up_to_regex=None, packages_above=None, packages_above_and_dependencies=None, packages_above_depth=None, packages_select_by_dep=None, packages_skip_by_dep=None, packages_skip_up_to=None, packages_select_build_failed=False, packages_skip_build_finished=False, packages_select_test_failures=False, packages_skip_test_passed=False, packages_select=None, packages_skip=None, packages_select_regex=None, packages_skip_regex=None, packages_start=None, packages_end=None, allow_overriding=[], cmake_args=None, cmake_target=None, cmake_target_skip_unavailable=False, cmake_clean_cache=False, cmake_clean_first=False, cmake_force_configure=False, ament_cmake_args=None, catkin_cmake_args=None, catkin_skip_building_tests=False, mixin_files=None, mixin=None, verb_parser=<colcon_mixin.mixin.mixin_argument.MixinArgumentDecorator object at 0x7e17921cc070>, verb_extension=<colcon_core.verb.build.BuildVerb object at 0x7e179213d600>, main=<bound method BuildVerb.main of <colcon_core.verb.build.BuildVerb object at 0x7e179213d600>>, mixin_verb=('build',))
[0.211s] Level 1:colcon.colcon_core.package_discovery:discover_packages(colcon_meta) check parameters
[0.211s] Level 1:colcon.colcon_core.package_discovery:discover_packages(recursive) check parameters
[0.211s] Level 1:colcon.colcon_core.package_discovery:discover_packages(ignore) check parameters
[0.211s] Level 1:colcon.colcon_core.package_discovery:discover_packages(path) check parameters
[0.211s] Level 1:colcon.colcon_core.package_discovery:discover_packages(colcon_meta) discover
[0.211s] Level 1:colcon.colcon_core.package_discovery:discover_packages(recursive) discover
[0.211s] INFO:colcon.colcon_core.package_discovery:Crawling recursively for packages in '/home/ginnie/colcon_ws/src/svs_driver'
[0.211s] Level 1:colcon.colcon_core.package_identification:_identify(.) by extensions ['ignore', 'ignore_ament_install']
[0.211s] Level 1:colcon.colcon_core.package_identification:_identify(.) by extension 'ignore'
[0.211s] Level 1:colcon.colcon_core.package_identification:_identify(.) by extension 'ignore_ament_install'
[0.211s] Level 1:colcon.colcon_core.package_identification:_identify(.) by extensions ['colcon_pkg']
[0.211s] Level 1:colcon.colcon_core.package_identification:_identify(.) by extension 'colcon_pkg'
[0.211s] Level 1:colcon.colcon_core.package_identification:_identify(.) by extensions ['colcon_meta']
[0.211s] Level 1:colcon.colcon_core.package_identification:_identify(.) by extension 'colcon_meta'
[0.211s] Level 1:colcon.colcon_core.package_identification:_identify(.) by extensions ['ros']
[0.211s] Level 1:colcon.colcon_core.package_identification:_identify(.) by extension 'ros'
[0.221s] Level 1:colcon.colcon_core.package_identification:_identify(.) by extensions ['cmake', 'python']
[0.221s] Level 1:colcon.colcon_core.package_identification:_identify(.) by extension 'cmake'
[0.221s] Level 1:colcon.colcon_core.package_identification:_identify(.) by extension 'python'
[0.221s] Level 1:colcon.colcon_core.package_identification:_identify(.) by extensions ['python_setup_py']
[0.221s] Level 1:colcon.colcon_core.package_identification:_identify(.) by extension 'python_setup_py'
[0.221s] Level 1:colcon.colcon_core.package_identification:_identify(build) by extensions ['ignore', 'ignore_ament_install']
[0.221s] Level 1:colcon.colcon_core.package_identification:_identify(build) by extension 'ignore'
[0.221s] Level 1:colcon.colcon_core.package_identification:_identify(build) ignored
[0.221s] Level 1:colcon.colcon_core.package_identification:_identify(install) by extensions ['ignore', 'ignore_ament_install']
[0.221s] Level 1:colcon.colcon_core.package_identification:_identify(install) by extension 'ignore'
[0.221s] Level 1:colcon.colcon_core.package_identification:_identify(install) ignored
[0.221s] Level 1:colcon.colcon_core.package_identification:_identify(log) by extensions ['ignore', 'ignore_ament_install']
[0.221s] Level 1:colcon.colcon_core.package_identification:_identify(log) by extension 'ignore'
[0.221s] Level 1:colcon.colcon_core.package_identification:_identify(log) ignored
[0.221s] Level 1:colcon.colcon_core.package_identification:_identify(svs_interfaces) by extensions ['ignore', 'ignore_ament_install']
[0.221s] Level 1:colcon.colcon_core.package_identification:_identify(svs_interfaces) by extension 'ignore'
[0.221s] Level 1:colcon.colcon_core.package_identification:_identify(svs_interfaces) by extension 'ignore_ament_install'
[0.221s] Level 1:colcon.colcon_core.package_identification:_identify(svs_interfaces) by extensions ['colcon_pkg']
[0.221s] Level 1:colcon.colcon_core.package_identification:_identify(svs_interfaces) by extension 'colcon_pkg'
[0.221s] Level 1:colcon.colcon_core.package_identification:_identify(svs_interfaces) by extensions ['colcon_meta']
[0.221s] Level 1:colcon.colcon_core.package_identification:_identify(svs_interfaces) by extension 'colcon_meta'
[0.221s] Level 1:colcon.colcon_core.package_identification:_identify(svs_interfaces) by extensions ['ros']
[0.221s] Level 1:colcon.colcon_core.package_identification:_identify(svs_interfaces) by extension 'ros'
[0.223s] DEBUG:colcon.colcon_core.package_identification:Package 'svs_interfaces' with type 'ros.ament_cmake' and name 'svs_interfaces'
[0.223s] Level 1:colcon.colcon_core.package_discovery:discover_packages(recursive) using defaults
[0.223s] Level 1:colcon.colcon_core.package_discovery:discover_packages(ignore) discover
[0.223s] Level 1:colcon.colcon_core.package_discovery:discover_packages(ignore) using defaults
[0.223s] Level 1:colcon.colcon_core.package_discovery:discover_packages(path) discover
[0.223s] Level 1:colcon.colcon_core.package_discovery:discover_packages(path) using defaults
[0.237s] Level 1:colcon.colcon_core.package_discovery:discover_packages(prefix_path) check parameters
[0.237s] Level 1:colcon.colcon_core.package_discovery:discover_packages(prefix_path) discover
[0.239s] DEBUG:colcon.colcon_installed_package_information.package_discovery:Found 29 installed packages in /home/ginnie/colcon_ws/install
[0.239s] DEBUG:colcon.colcon_installed_package_information.package_discovery:Found 278 installed packages in /opt/ros/humble
[0.240s] Level 1:colcon.colcon_core.package_discovery:discover_packages(prefix_path) using defaults
[0.265s] Level 5:colcon.colcon_core.verb:set package 'svs_interfaces' build argument 'cmake_args' from command line to 'None'
[0.265s] Level 5:colcon.colcon_core.verb:set package 'svs_interfaces' build argument 'cmake_target' from command line to 'None'
[0.265s] Level 5:colcon.colcon_core.verb:set package 'svs_interfaces' build argument 'cmake_target_skip_unavailable' from command line to 'False'
[0.265s] Level 5:colcon.colcon_core.verb:set package 'svs_interfaces' build argument 'cmake_clean_cache' from command line to 'False'
[0.265s] Level 5:colcon.colcon_core.verb:set package 'svs_interfaces' build argument 'cmake_clean_first' from command line to 'False'
[0.265s] Level 5:colcon.colcon_core.verb:set package 'svs_interfaces' build argument 'cmake_force_configure' from command line to 'False'
[0.265s] Level 5:colcon.colcon_core.verb:set package 'svs_interfaces' build argument 'ament_cmake_args' from command line to 'None'
[0.265s] Level 5:colcon.colcon_core.verb:set package 'svs_interfaces' build argument 'catkin_cmake_args' from command line to 'None'
[0.265s] Level 5:colcon.colcon_core.verb:set package 'svs_interfaces' build argument 'catkin_skip_building_tests' from command line to 'False'
[0.265s] DEBUG:colcon.colcon_core.verb:Building package 'svs_interfaces' with the following arguments: {'ament_cmake_args': None, 'build_base': '/home/ginnie/colcon_ws/src/svs_driver/build/svs_interfaces', 'catkin_cmake_args': None, 'catkin_skip_building_tests': False, 'cmake_args': None, 'cmake_clean_cache': False, 'cmake_clean_first': False, 'cmake_force_configure': False, 'cmake_target': None, 'cmake_target_skip_unavailable': False, 'install_base': '/home/ginnie/colcon_ws/src/svs_driver/install/svs_interfaces', 'merge_install': False, 'path': '/home/ginnie/colcon_ws/src/svs_driver/svs_interfaces', 'symlink_install': False, 'test_result_base': None}
[0.265s] INFO:colcon.colcon_core.executor:Executing jobs using 'parallel' executor
[0.266s] DEBUG:colcon.colcon_parallel_executor.executor.parallel:run_until_complete
[0.266s] INFO:colcon.colcon_ros.task.ament_cmake.build:Building ROS package in '/home/ginnie/colcon_ws/src/svs_driver/svs_interfaces' with build type 'ament_cmake'
[0.266s] INFO:colcon.colcon_cmake.task.cmake.build:Building CMake package in '/home/ginnie/colcon_ws/src/svs_driver/svs_interfaces'
[0.268s] INFO:colcon.colcon_core.plugin_system:Skipping extension 'colcon_core.shell.bat': Not used on non-Windows systems
[0.268s] INFO:colcon.colcon_core.shell:Skip shell extension 'powershell' for command environment: Not usable outside of PowerShell
[0.268s] DEBUG:colcon.colcon_core.shell:Skip shell extension 'dsv' for command environment
[0.274s] DEBUG:colcon.colcon_core.event_handler.log_command:Invoking command in '/home/ginnie/colcon_ws/src/svs_driver/build/svs_interfaces': CMAKE_PREFIX_PATH=${CMAKE_PREFIX_PATH}:/home/ginnie/colcon_ws/install/workshopfun:/home/ginnie/colcon_ws/install/utm_latlon_converter:/home/ginnie/colcon_ws/install/str_json_mqtt_bridge:/home/ginnie/colcon_ws/install/smarc_nodered:/home/ginnie/colcon_ws/install/smarc_bt:/home/ginnie/colcon_ws/install/smarc_bringups:/home/ginnie/colcon_ws/install/sam_joy_xbox:/home/ginnie/colcon_ws/install/sam_joy_teleop:/home/ginnie/colcon_ws/install/sam_diving_controller:/home/ginnie/colcon_ws/install/sam_dead_reckoning:/home/ginnie/colcon_ws/install/ros_tcp_endpoint:/home/ginnie/colcon_ws/install/ros2_python_examples:/home/ginnie/colcon_ws/install/mqtt_bridge:/home/ginnie/colcon_ws/install/dubins_planner:/home/ginnie/colcon_ws/install/drone_dr:/home/ginnie/colcon_ws/install/auv_detector:/opt/ros/humble /usr/bin/cmake /home/ginnie/colcon_ws/src/svs_driver/svs_interfaces -DCMAKE_INSTALL_PREFIX=/home/ginnie/colcon_ws/src/svs_driver/install/svs_interfaces
[1.615s] DEBUG:colcon.colcon_core.event_handler.log_command:Invoked command in '/home/ginnie/colcon_ws/src/svs_driver/build/svs_interfaces' returned '0': CMAKE_PREFIX_PATH=${CMAKE_PREFIX_PATH}:/home/ginnie/colcon_ws/install/workshopfun:/home/ginnie/colcon_ws/install/utm_latlon_converter:/home/ginnie/colcon_ws/install/str_json_mqtt_bridge:/home/ginnie/colcon_ws/install/smarc_nodered:/home/ginnie/colcon_ws/install/smarc_bt:/home/ginnie/colcon_ws/install/smarc_bringups:/home/ginnie/colcon_ws/install/sam_joy_xbox:/home/ginnie/colcon_ws/install/sam_joy_teleop:/home/ginnie/colcon_ws/install/sam_diving_controller:/home/ginnie/colcon_ws/install/sam_dead_reckoning:/home/ginnie/colcon_ws/install/ros_tcp_endpoint:/home/ginnie/colcon_ws/install/ros2_python_examples:/home/ginnie/colcon_ws/install/mqtt_bridge:/home/ginnie/colcon_ws/install/dubins_planner:/home/ginnie/colcon_ws/install/drone_dr:/home/ginnie/colcon_ws/install/auv_detector:/opt/ros/humble /usr/bin/cmake /home/ginnie/colcon_ws/src/svs_driver/svs_interfaces -DCMAKE_INSTALL_PREFIX=/home/ginnie/colcon_ws/src/svs_driver/install/svs_interfaces
[1.616s] DEBUG:colcon.colcon_core.event_handler.log_command:Invoking command in '/home/ginnie/colcon_ws/src/svs_driver/build/svs_interfaces': CMAKE_PREFIX_PATH=${CMAKE_PREFIX_PATH}:/home/ginnie/colcon_ws/install/workshopfun:/home/ginnie/colcon_ws/install/utm_latlon_converter:/home/ginnie/colcon_ws/install/str_json_mqtt_bridge:/home/ginnie/colcon_ws/install/smarc_nodered:/home/ginnie/colcon_ws/install/smarc_bt:/home/ginnie/colcon_ws/install/smarc_bringups:/home/ginnie/colcon_ws/install/sam_joy_xbox:/home/ginnie/colcon_ws/install/sam_joy_teleop:/home/ginnie/colcon_ws/install/sam_diving_controller:/home/ginnie/colcon_ws/install/sam_dead_reckoning:/home/ginnie/colcon_ws/install/ros_tcp_endpoint:/home/ginnie/colcon_ws/install/ros2_python_examples:/home/ginnie/colcon_ws/install/mqtt_bridge:/home/ginnie/colcon_ws/install/dubins_planner:/home/ginnie/colcon_ws/install/drone_dr:/home/ginnie/colcon_ws/install/auv_detector:/opt/ros/humble /usr/bin/cmake --build /home/ginnie/colcon_ws/src/svs_driver/build/svs_interfaces -- -j32 -l32
[2.694s] DEBUG:colcon.colcon_core.event_handler.log_command:Invoked command in '/home/ginnie/colcon_ws/src/svs_driver/build/svs_interfaces' returned '0': CMAKE_PREFIX_PATH=${CMAKE_PREFIX_PATH}:/home/ginnie/colcon_ws/install/workshopfun:/home/ginnie/colcon_ws/install/utm_latlon_converter:/home/ginnie/colcon_ws/install/str_json_mqtt_bridge:/home/ginnie/colcon_ws/install/smarc_nodered:/home/ginnie/colcon_ws/install/smarc_bt:/home/ginnie/colcon_ws/install/smarc_bringups:/home/ginnie/colcon_ws/install/sam_joy_xbox:/home/ginnie/colcon_ws/install/sam_joy_teleop:/home/ginnie/colcon_ws/install/sam_diving_controller:/home/ginnie/colcon_ws/install/sam_dead_reckoning:/home/ginnie/colcon_ws/install/ros_tcp_endpoint:/home/ginnie/colcon_ws/install/ros2_python_examples:/home/ginnie/colcon_ws/install/mqtt_bridge:/home/ginnie/colcon_ws/install/dubins_planner:/home/ginnie/colcon_ws/install/drone_dr:/home/ginnie/colcon_ws/install/auv_detector:/opt/ros/humble /usr/bin/cmake --build /home/ginnie/colcon_ws/src/svs_driver/build/svs_interfaces -- -j32 -l32
[2.706s] DEBUG:colcon.colcon_core.event_handler.log_command:Invoking command in '/home/ginnie/colcon_ws/src/svs_driver/build/svs_interfaces': CMAKE_PREFIX_PATH=${CMAKE_PREFIX_PATH}:/home/ginnie/colcon_ws/install/workshopfun:/home/ginnie/colcon_ws/install/utm_latlon_converter:/home/ginnie/colcon_ws/install/str_json_mqtt_bridge:/home/ginnie/colcon_ws/install/smarc_nodered:/home/ginnie/colcon_ws/install/smarc_bt:/home/ginnie/colcon_ws/install/smarc_bringups:/home/ginnie/colcon_ws/install/sam_joy_xbox:/home/ginnie/colcon_ws/install/sam_joy_teleop:/home/ginnie/colcon_ws/install/sam_diving_controller:/home/ginnie/colcon_ws/install/sam_dead_reckoning:/home/ginnie/colcon_ws/install/ros_tcp_endpoint:/home/ginnie/colcon_ws/install/ros2_python_examples:/home/ginnie/colcon_ws/install/mqtt_bridge:/home/ginnie/colcon_ws/install/dubins_planner:/home/ginnie/colcon_ws/install/drone_dr:/home/ginnie/colcon_ws/install/auv_detector:/opt/ros/humble /usr/bin/cmake --install /home/ginnie/colcon_ws/src/svs_driver/build/svs_interfaces
[2.760s] Level 1:colcon.colcon_core.environment:create_environment_scripts_only(svs_interfaces)
[2.760s] DEBUG:colcon.colcon_core.event_handler.log_command:Invoked command in '/home/ginnie/colcon_ws/src/svs_driver/build/svs_interfaces' returned '0': CMAKE_PREFIX_PATH=${CMAKE_PREFIX_PATH}:/home/ginnie/colcon_ws/install/workshopfun:/home/ginnie/colcon_ws/install/utm_latlon_converter:/home/ginnie/colcon_ws/install/str_json_mqtt_bridge:/home/ginnie/colcon_ws/install/smarc_nodered:/home/ginnie/colcon_ws/install/smarc_bt:/home/ginnie/colcon_ws/install/smarc_bringups:/home/ginnie/colcon_ws/install/sam_joy_xbox:/home/ginnie/colcon_ws/install/sam_joy_teleop:/home/ginnie/colcon_ws/install/sam_diving_controller:/home/ginnie/colcon_ws/install/sam_dead_reckoning:/home/ginnie/colcon_ws/install/ros_tcp_endpoint:/home/ginnie/colcon_ws/install/ros2_python_examples:/home/ginnie/colcon_ws/install/mqtt_bridge:/home/ginnie/colcon_ws/install/dubins_planner:/home/ginnie/colcon_ws/install/drone_dr:/home/ginnie/colcon_ws/install/auv_detector:/opt/ros/humble /usr/bin/cmake --install /home/ginnie/colcon_ws/src/svs_driver/build/svs_interfaces
[2.762s] Level 1:colcon.colcon_core.environment:checking '/home/ginnie/colcon_ws/src/svs_driver/install/svs_interfaces' for CMake module files
[2.762s] Level 1:colcon.colcon_core.environment:checking '/home/ginnie/colcon_ws/src/svs_driver/install/svs_interfaces' for CMake config files
[2.763s] Level 1:colcon.colcon_core.shell:create_environment_hook('svs_interfaces', 'cmake_prefix_path')
[2.763s] INFO:colcon.colcon_core.shell:Creating environment hook '/home/ginnie/colcon_ws/src/svs_driver/install/svs_interfaces/share/svs_interfaces/hook/cmake_prefix_path.ps1'
[2.763s] INFO:colcon.colcon_core.shell:Creating environment descriptor '/home/ginnie/colcon_ws/src/svs_driver/install/svs_interfaces/share/svs_interfaces/hook/cmake_prefix_path.dsv'
[2.763s] INFO:colcon.colcon_core.shell:Creating environment hook '/home/ginnie/colcon_ws/src/svs_driver/install/svs_interfaces/share/svs_interfaces/hook/cmake_prefix_path.sh'
[2.764s] Level 1:colcon.colcon_core.environment:checking '/home/ginnie/colcon_ws/src/svs_driver/install/svs_interfaces/lib'
[2.764s] Level 1:colcon.colcon_core.shell:create_environment_hook('svs_interfaces', 'ld_library_path_lib')
[2.764s] INFO:colcon.colcon_core.shell:Creating environment hook '/home/ginnie/colcon_ws/src/svs_driver/install/svs_interfaces/share/svs_interfaces/hook/ld_library_path_lib.ps1'
[2.764s] INFO:colcon.colcon_core.shell:Creating environment descriptor '/home/ginnie/colcon_ws/src/svs_driver/install/svs_interfaces/share/svs_interfaces/hook/ld_library_path_lib.dsv'
[2.765s] INFO:colcon.colcon_core.shell:Creating environment hook '/home/ginnie/colcon_ws/src/svs_driver/install/svs_interfaces/share/svs_interfaces/hook/ld_library_path_lib.sh'
[2.765s] Level 1:colcon.colcon_core.environment:checking '/home/ginnie/colcon_ws/src/svs_driver/install/svs_interfaces/bin'
[2.765s] Level 1:colcon.colcon_core.environment:checking '/home/ginnie/colcon_ws/src/svs_driver/install/svs_interfaces/lib/pkgconfig/svs_interfaces.pc'
[2.765s] Level 1:colcon.colcon_core.environment:checking '/home/ginnie/colcon_ws/src/svs_driver/install/svs_interfaces/lib/python3.10/site-packages'
[2.765s] Level 1:colcon.colcon_core.environment:checking '/home/ginnie/colcon_ws/src/svs_driver/install/svs_interfaces/bin'
[2.765s] INFO:colcon.colcon_core.shell:Creating package script '/home/ginnie/colcon_ws/src/svs_driver/install/svs_interfaces/share/svs_interfaces/package.ps1'
[2.766s] INFO:colcon.colcon_core.shell:Creating package descriptor '/home/ginnie/colcon_ws/src/svs_driver/install/svs_interfaces/share/svs_interfaces/package.dsv'
[2.766s] INFO:colcon.colcon_core.shell:Creating package script '/home/ginnie/colcon_ws/src/svs_driver/install/svs_interfaces/share/svs_interfaces/package.sh'
[2.766s] INFO:colcon.colcon_core.shell:Creating package script '/home/ginnie/colcon_ws/src/svs_driver/install/svs_interfaces/share/svs_interfaces/package.bash'
[2.767s] INFO:colcon.colcon_core.shell:Creating package script '/home/ginnie/colcon_ws/src/svs_driver/install/svs_interfaces/share/svs_interfaces/package.zsh'
[2.767s] Level 1:colcon.colcon_core.environment:create_file_with_runtime_dependencies(/home/ginnie/colcon_ws/src/svs_driver/install/svs_interfaces/share/colcon-core/packages/svs_interfaces)
[2.767s] Level 1:colcon.colcon_core.environment:create_environment_scripts_only(svs_interfaces)
[2.767s] Level 1:colcon.colcon_core.environment:checking '/home/ginnie/colcon_ws/src/svs_driver/install/svs_interfaces' for CMake module files
[2.768s] Level 1:colcon.colcon_core.environment:checking '/home/ginnie/colcon_ws/src/svs_driver/install/svs_interfaces' for CMake config files
[2.768s] Level 1:colcon.colcon_core.shell:create_environment_hook('svs_interfaces', 'cmake_prefix_path')
[2.768s] INFO:colcon.colcon_core.shell:Creating environment hook '/home/ginnie/colcon_ws/src/svs_driver/install/svs_interfaces/share/svs_interfaces/hook/cmake_prefix_path.ps1'
[2.768s] INFO:colcon.colcon_core.shell:Creating environment descriptor '/home/ginnie/colcon_ws/src/svs_driver/install/svs_interfaces/share/svs_interfaces/hook/cmake_prefix_path.dsv'
[2.768s] INFO:colcon.colcon_core.shell:Creating environment hook '/home/ginnie/colcon_ws/src/svs_driver/install/svs_interfaces/share/svs_interfaces/hook/cmake_prefix_path.sh'
[2.769s] Level 1:colcon.colcon_core.environment:checking '/home/ginnie/colcon_ws/src/svs_driver/install/svs_interfaces/lib'
[2.769s] Level 1:colcon.colcon_core.shell:create_environment_hook('svs_interfaces', 'ld_library_path_lib')
[2.769s] INFO:colcon.colcon_core.shell:Creating environment hook '/home/ginnie/colcon_ws/src/svs_driver/install/svs_interfaces/share/svs_interfaces/hook/ld_library_path_lib.ps1'
[2.769s] INFO:colcon.colcon_core.shell:Creating environment descriptor '/home/ginnie/colcon_ws/src/svs_driver/install/svs_interfaces/share/svs_interfaces/hook/ld_library_path_lib.dsv'
[2.769s] INFO:colcon.colcon_core.shell:Creating environment hook '/home/ginnie/colcon_ws/src/svs_driver/install/svs_interfaces/share/svs_interfaces/hook/ld_library_path_lib.sh'
[2.769s] Level 1:colcon.colcon_core.environment:checking '/home/ginnie/colcon_ws/src/svs_driver/install/svs_interfaces/bin'
[2.769s] Level 1:colcon.colcon_core.environment:checking '/home/ginnie/colcon_ws/src/svs_driver/install/svs_interfaces/lib/pkgconfig/svs_interfaces.pc'
[2.770s] Level 1:colcon.colcon_core.environment:checking '/home/ginnie/colcon_ws/src/svs_driver/install/svs_interfaces/lib/python3.10/site-packages'
[2.770s] Level 1:colcon.colcon_core.environment:checking '/home/ginnie/colcon_ws/src/svs_driver/install/svs_interfaces/bin'
[2.770s] INFO:colcon.colcon_core.shell:Creating package script '/home/ginnie/colcon_ws/src/svs_driver/install/svs_interfaces/share/svs_interfaces/package.ps1'
[2.770s] INFO:colcon.colcon_core.shell:Creating package descriptor '/home/ginnie/colcon_ws/src/svs_driver/install/svs_interfaces/share/svs_interfaces/package.dsv'
[2.771s] INFO:colcon.colcon_core.shell:Creating package script '/home/ginnie/colcon_ws/src/svs_driver/install/svs_interfaces/share/svs_interfaces/package.sh'
[2.771s] INFO:colcon.colcon_core.shell:Creating package script '/home/ginnie/colcon_ws/src/svs_driver/install/svs_interfaces/share/svs_interfaces/package.bash'
[2.771s] INFO:colcon.colcon_core.shell:Creating package script '/home/ginnie/colcon_ws/src/svs_driver/install/svs_interfaces/share/svs_interfaces/package.zsh'
[2.771s] Level 1:colcon.colcon_core.environment:create_file_with_runtime_dependencies(/home/ginnie/colcon_ws/src/svs_driver/install/svs_interfaces/share/colcon-core/packages/svs_interfaces)
[2.771s] DEBUG:colcon.colcon_parallel_executor.executor.parallel:closing loop
[2.772s] DEBUG:colcon.colcon_parallel_executor.executor.parallel:loop closed
[2.772s] DEBUG:colcon.colcon_parallel_executor.executor.parallel:run_until_complete finished with '0'
[2.772s] DEBUG:colcon.colcon_core.event_reactor:joining thread
[2.776s] INFO:colcon.colcon_core.plugin_system:Skipping extension 'colcon_notification.desktop_notification.terminal_notifier': Not used on non-Darwin systems
[2.776s] INFO:colcon.colcon_core.plugin_system:Skipping extension 'colcon_notification.desktop_notification.win32': Not used on non-Windows systems
[2.776s] INFO:colcon.colcon_notification.desktop_notification:Sending desktop notification using 'notify2'
[2.794s] DEBUG:colcon.colcon_core.event_reactor:joined thread
[2.794s] INFO:colcon.colcon_core.shell:Creating prefix script '/home/ginnie/colcon_ws/src/svs_driver/install/local_setup.ps1'
[2.795s] INFO:colcon.colcon_core.shell:Creating prefix util module '/home/ginnie/colcon_ws/src/svs_driver/install/_local_setup_util_ps1.py'
[2.797s] INFO:colcon.colcon_core.shell:Creating prefix chain script '/home/ginnie/colcon_ws/src/svs_driver/install/setup.ps1'
[2.799s] INFO:colcon.colcon_core.shell:Creating prefix script '/home/ginnie/colcon_ws/src/svs_driver/install/local_setup.sh'
[2.800s] INFO:colcon.colcon_core.shell:Creating prefix util module '/home/ginnie/colcon_ws/src/svs_driver/install/_local_setup_util_sh.py'
[2.801s] INFO:colcon.colcon_core.shell:Creating prefix chain script '/home/ginnie/colcon_ws/src/svs_driver/install/setup.sh'
[2.803s] INFO:colcon.colcon_core.shell:Creating prefix script '/home/ginnie/colcon_ws/src/svs_driver/install/local_setup.bash'
[2.803s] INFO:colcon.colcon_core.shell:Creating prefix chain script '/home/ginnie/colcon_ws/src/svs_driver/install/setup.bash'
[2.805s] INFO:colcon.colcon_core.shell:Creating prefix script '/home/ginnie/colcon_ws/src/svs_driver/install/local_setup.zsh'
[2.805s] INFO:colcon.colcon_core.shell:Creating prefix chain script '/home/ginnie/colcon_ws/src/svs_driver/install/setup.zsh'
