[0.007s] Invoking command in '/home/ginnie/colcon_ws/src/svs_driver/build/svs_interfaces': CMAKE_PREFIX_PATH=${CMAKE_PREFIX_PATH}:/home/ginnie/colcon_ws/install/workshopfun:/home/ginnie/colcon_ws/install/utm_latlon_converter:/home/ginnie/colcon_ws/install/str_json_mqtt_bridge:/home/ginnie/colcon_ws/install/smarc_nodered:/home/ginnie/colcon_ws/install/smarc_bt:/home/ginnie/colcon_ws/install/smarc_bringups:/home/ginnie/colcon_ws/install/sam_joy_xbox:/home/ginnie/colcon_ws/install/sam_joy_teleop:/home/ginnie/colcon_ws/install/sam_diving_controller:/home/ginnie/colcon_ws/install/sam_dead_reckoning:/home/ginnie/colcon_ws/install/ros_tcp_endpoint:/home/ginnie/colcon_ws/install/ros2_python_examples:/home/ginnie/colcon_ws/install/mqtt_bridge:/home/ginnie/colcon_ws/install/dubins_planner:/home/ginnie/colcon_ws/install/drone_dr:/home/ginnie/colcon_ws/install/auv_detector:/opt/ros/humble /usr/bin/cmake /home/ginnie/colcon_ws/src/svs_driver/svs_interfaces -DCMAKE_INSTALL_PREFIX=/home/ginnie/colcon_ws/src/svs_driver/install/svs_interfaces
[0.121s] -- The C compiler identification is GNU 11.4.0
[0.217s] -- The CXX compiler identification is GNU 11.4.0
[0.227s] -- Detecting C compiler ABI info
[0.308s] -- Detecting C compiler ABI info - done
[0.315s] -- Check for working C compiler: /usr/bin/cc - skipped
[0.315s] -- Detecting C compile features
[0.316s] -- Detecting C compile features - done
[0.319s] -- Detecting CXX compiler ABI info
[0.407s] -- Detecting CXX compiler ABI info - done
[0.416s] -- Check for working CXX compiler: /usr/bin/c++ - skipped
[0.416s] -- Detecting CXX compile features
[0.417s] -- Detecting CXX compile features - done
[0.423s] -- Found ament_cmake: 1.3.11 (/opt/ros/humble/share/ament_cmake/cmake)
[0.556s] -- Found Python3: /usr/bin/python3 (found version "3.10.12") found components: Interpreter 
[0.635s] -- Found builtin_interfaces: 1.2.1 (/opt/ros/humble/share/builtin_interfaces/cmake)
[0.676s] -- Found rosidl_generator_c: 3.1.6 (/opt/ros/humble/share/rosidl_generator_c/cmake)
[0.681s] -- Found rosidl_adapter: 3.1.6 (/opt/ros/humble/share/rosidl_adapter/cmake)
[0.687s] -- Found rosidl_generator_cpp: 3.1.6 (/opt/ros/humble/share/rosidl_generator_cpp/cmake)
[0.696s] -- Using all available rosidl_typesupport_c: rosidl_typesupport_fastrtps_c;rosidl_typesupport_introspection_c
[0.708s] -- Using all available rosidl_typesupport_cpp: rosidl_typesupport_fastrtps_cpp;rosidl_typesupport_introspection_cpp
[0.718s] -- Found rosidl_default_generators: 1.2.0 (/opt/ros/humble/share/rosidl_default_generators/cmake)
[0.885s] -- Found ament_cmake_ros: 0.10.0 (/opt/ros/humble/share/ament_cmake_ros/cmake)
[1.123s] -- Using all available rosidl_typesupport_c: rosidl_typesupport_fastrtps_c;rosidl_typesupport_introspection_c
[1.215s] -- Using all available rosidl_typesupport_cpp: rosidl_typesupport_fastrtps_cpp;rosidl_typesupport_introspection_cpp
[1.236s] -- Found PythonInterp: /usr/bin/python3 (found suitable version "3.10.12", minimum required is "3.6") 
[1.238s] -- Found python_cmake_module: 0.10.0 (/opt/ros/humble/share/python_cmake_module/cmake)
[1.264s] -- Found PythonLibs: /usr/lib/x86_64-linux-gnu/libpython3.10.so (found suitable version "3.10.12", minimum required is "3.5") 
[1.264s] -- Using PYTHON_EXECUTABLE: /usr/bin/python3
[1.264s] -- Using PYTHON_INCLUDE_DIRS: /usr/include/python3.10
[1.264s] -- Using PYTHON_LIBRARIES: /usr/lib/x86_64-linux-gnu/libpython3.10.so
[1.280s] -- Found PythonExtra: .so  
[1.324s] -- Configuring done
[1.341s] -- Generating done
[1.345s] -- Build files have been written to: /home/ginnie/colcon_ws/src/svs_driver/build/svs_interfaces
[1.349s] Invoked command in '/home/ginnie/colcon_ws/src/svs_driver/build/svs_interfaces' returned '0': CMAKE_PREFIX_PATH=${CMAKE_PREFIX_PATH}:/home/ginnie/colcon_ws/install/workshopfun:/home/ginnie/colcon_ws/install/utm_latlon_converter:/home/ginnie/colcon_ws/install/str_json_mqtt_bridge:/home/ginnie/colcon_ws/install/smarc_nodered:/home/ginnie/colcon_ws/install/smarc_bt:/home/ginnie/colcon_ws/install/smarc_bringups:/home/ginnie/colcon_ws/install/sam_joy_xbox:/home/ginnie/colcon_ws/install/sam_joy_teleop:/home/ginnie/colcon_ws/install/sam_diving_controller:/home/ginnie/colcon_ws/install/sam_dead_reckoning:/home/ginnie/colcon_ws/install/ros_tcp_endpoint:/home/ginnie/colcon_ws/install/ros2_python_examples:/home/ginnie/colcon_ws/install/mqtt_bridge:/home/ginnie/colcon_ws/install/dubins_planner:/home/ginnie/colcon_ws/install/drone_dr:/home/ginnie/colcon_ws/install/auv_detector:/opt/ros/humble /usr/bin/cmake /home/ginnie/colcon_ws/src/svs_driver/svs_interfaces -DCMAKE_INSTALL_PREFIX=/home/ginnie/colcon_ws/src/svs_driver/install/svs_interfaces
[1.349s] Invoking command in '/home/ginnie/colcon_ws/src/svs_driver/build/svs_interfaces': CMAKE_PREFIX_PATH=${CMAKE_PREFIX_PATH}:/home/ginnie/colcon_ws/install/workshopfun:/home/ginnie/colcon_ws/install/utm_latlon_converter:/home/ginnie/colcon_ws/install/str_json_mqtt_bridge:/home/ginnie/colcon_ws/install/smarc_nodered:/home/ginnie/colcon_ws/install/smarc_bt:/home/ginnie/colcon_ws/install/smarc_bringups:/home/ginnie/colcon_ws/install/sam_joy_xbox:/home/ginnie/colcon_ws/install/sam_joy_teleop:/home/ginnie/colcon_ws/install/sam_diving_controller:/home/ginnie/colcon_ws/install/sam_dead_reckoning:/home/ginnie/colcon_ws/install/ros_tcp_endpoint:/home/ginnie/colcon_ws/install/ros2_python_examples:/home/ginnie/colcon_ws/install/mqtt_bridge:/home/ginnie/colcon_ws/install/dubins_planner:/home/ginnie/colcon_ws/install/drone_dr:/home/ginnie/colcon_ws/install/auv_detector:/opt/ros/humble /usr/bin/cmake --build /home/ginnie/colcon_ws/src/svs_driver/build/svs_interfaces -- -j32 -l32
[1.384s] [  3%] [34m[1mGenerating C code for ROS interfaces[0m
[1.390s] [  6%] [34m[1mGenerating C++ code for ROS interfaces[0m
[1.396s] [  6%] Built target ament_cmake_python_copy_svs_interfaces
[1.521s] [  6%] Built target svs_interfaces__cpp
[1.528s] [  9%] [32mBuilding C object CMakeFiles/svs_interfaces__rosidl_generator_c.dir/rosidl_generator_c/svs_interfaces/msg/detail/svs__functions.c.o[0m
[1.528s] [ 12%] [34m[1mGenerating C++ type support for eProsima Fast-RTPS[0m
[1.528s] [ 16%] [34m[1mGenerating C++ introspection for ROS interfaces[0m
[1.528s] [ 19%] [34m[1mGenerating C++ type support dispatch for ROS interfaces[0m
[1.560s] running egg_info
[1.561s] creating svs_interfaces.egg-info
[1.561s] writing svs_interfaces.egg-info/PKG-INFO
[1.561s] writing dependency_links to svs_interfaces.egg-info/dependency_links.txt
[1.561s] writing top-level names to svs_interfaces.egg-info/top_level.txt
[1.561s] writing manifest file 'svs_interfaces.egg-info/SOURCES.txt'
[1.563s] reading manifest file 'svs_interfaces.egg-info/SOURCES.txt'
[1.563s] writing manifest file 'svs_interfaces.egg-info/SOURCES.txt'
[1.574s] [ 22%] [32m[1mLinking C shared library libsvs_interfaces__rosidl_generator_c.so[0m
[1.582s] [ 22%] Built target ament_cmake_python_build_svs_interfaces_egg
[1.603s] [ 22%] Built target svs_interfaces__rosidl_generator_c
[1.610s] [ 25%] [34m[1mGenerating C type support dispatch for ROS interfaces[0m
[1.611s] [ 29%] [34m[1mGenerating C type support for eProsima Fast-RTPS[0m
[1.612s] [ 32%] [34m[1mGenerating C introspection for ROS interfaces[0m
[1.678s] [ 35%] [32mBuilding CXX object CMakeFiles/svs_interfaces__rosidl_typesupport_cpp.dir/rosidl_typesupport_cpp/svs_interfaces/msg/svs__type_support.cpp.o[0m
[1.688s] [ 38%] [32mBuilding CXX object CMakeFiles/svs_interfaces__rosidl_typesupport_introspection_cpp.dir/rosidl_typesupport_introspection_cpp/svs_interfaces/msg/detail/svs__type_support.cpp.o[0m
[1.728s] [ 41%] [32mBuilding CXX object CMakeFiles/svs_interfaces__rosidl_typesupport_fastrtps_cpp.dir/rosidl_typesupport_fastrtps_cpp/svs_interfaces/msg/detail/dds_fastrtps/svs__type_support.cpp.o[0m
[1.769s] [ 45%] [32mBuilding CXX object CMakeFiles/svs_interfaces__rosidl_typesupport_c.dir/rosidl_typesupport_c/svs_interfaces/msg/svs__type_support.cpp.o[0m
[1.787s] [ 48%] [32mBuilding C object CMakeFiles/svs_interfaces__rosidl_typesupport_introspection_c.dir/rosidl_typesupport_introspection_c/svs_interfaces/msg/detail/svs__type_support.c.o[0m
[1.790s] [ 51%] [32mBuilding CXX object CMakeFiles/svs_interfaces__rosidl_typesupport_fastrtps_c.dir/rosidl_typesupport_fastrtps_c/svs_interfaces/msg/detail/svs__type_support_c.cpp.o[0m
[1.796s] [ 54%] [32m[1mLinking CXX shared library libsvs_interfaces__rosidl_typesupport_c.so[0m
[1.813s] [ 58%] [32m[1mLinking C shared library libsvs_interfaces__rosidl_typesupport_introspection_c.so[0m
[1.832s] [ 58%] Built target svs_interfaces__rosidl_typesupport_c
[1.836s] [ 58%] Built target svs_interfaces__rosidl_typesupport_introspection_c
[1.867s] [ 61%] [32m[1mLinking CXX shared library libsvs_interfaces__rosidl_typesupport_cpp.so[0m
[1.896s] [ 61%] Built target svs_interfaces__rosidl_typesupport_cpp
[1.917s] [ 64%] [32m[1mLinking CXX shared library libsvs_interfaces__rosidl_typesupport_introspection_cpp.so[0m
[1.943s] [ 67%] [32m[1mLinking CXX shared library libsvs_interfaces__rosidl_typesupport_fastrtps_cpp.so[0m
[1.957s] [ 67%] Built target svs_interfaces__rosidl_typesupport_introspection_cpp
[1.960s] [ 70%] [32m[1mLinking CXX shared library libsvs_interfaces__rosidl_typesupport_fastrtps_c.so[0m
[1.986s] [ 70%] Built target svs_interfaces__rosidl_typesupport_fastrtps_cpp
[2.002s] [ 70%] Built target svs_interfaces__rosidl_typesupport_fastrtps_c
[2.019s] [ 70%] Built target svs_interfaces
[2.040s] [ 74%] [34m[1mGenerating Python code for ROS interfaces[0m
[2.188s] [ 74%] Built target svs_interfaces__py
[2.207s] [ 77%] [32mBuilding C object CMakeFiles/svs_interfaces__rosidl_generator_py.dir/rosidl_generator_py/svs_interfaces/msg/_svs_s.c.o[0m
[2.283s] [ 80%] [32m[1mLinking C shared library rosidl_generator_py/svs_interfaces/libsvs_interfaces__rosidl_generator_py.so[0m
[2.321s] [ 80%] Built target svs_interfaces__rosidl_generator_py
[2.338s] [ 83%] [32mBuilding C object CMakeFiles/svs_interfaces__rosidl_typesupport_c__pyext.dir/rosidl_generator_py/svs_interfaces/_svs_interfaces_s.ep.rosidl_typesupport_c.c.o[0m
[2.341s] [ 87%] [32mBuilding C object CMakeFiles/svs_interfaces__rosidl_typesupport_fastrtps_c__pyext.dir/rosidl_generator_py/svs_interfaces/_svs_interfaces_s.ep.rosidl_typesupport_fastrtps_c.c.o[0m
[2.342s] [ 90%] [32mBuilding C object CMakeFiles/svs_interfaces__rosidl_typesupport_introspection_c__pyext.dir/rosidl_generator_py/svs_interfaces/_svs_interfaces_s.ep.rosidl_typesupport_introspection_c.c.o[0m
[2.389s] [ 93%] [32m[1mLinking C shared library rosidl_generator_py/svs_interfaces/svs_interfaces_s__rosidl_typesupport_c.cpython-310-x86_64-linux-gnu.so[0m
[2.390s] [ 96%] [32m[1mLinking C shared library rosidl_generator_py/svs_interfaces/svs_interfaces_s__rosidl_typesupport_fastrtps_c.cpython-310-x86_64-linux-gnu.so[0m
[2.390s] [100%] [32m[1mLinking C shared library rosidl_generator_py/svs_interfaces/svs_interfaces_s__rosidl_typesupport_introspection_c.cpython-310-x86_64-linux-gnu.so[0m
[2.411s] [100%] Built target svs_interfaces__rosidl_typesupport_fastrtps_c__pyext
[2.412s] [100%] Built target svs_interfaces__rosidl_typesupport_c__pyext
[2.416s] [100%] Built target svs_interfaces__rosidl_typesupport_introspection_c__pyext
[2.427s] Invoked command in '/home/ginnie/colcon_ws/src/svs_driver/build/svs_interfaces' returned '0': CMAKE_PREFIX_PATH=${CMAKE_PREFIX_PATH}:/home/ginnie/colcon_ws/install/workshopfun:/home/ginnie/colcon_ws/install/utm_latlon_converter:/home/ginnie/colcon_ws/install/str_json_mqtt_bridge:/home/ginnie/colcon_ws/install/smarc_nodered:/home/ginnie/colcon_ws/install/smarc_bt:/home/ginnie/colcon_ws/install/smarc_bringups:/home/ginnie/colcon_ws/install/sam_joy_xbox:/home/ginnie/colcon_ws/install/sam_joy_teleop:/home/ginnie/colcon_ws/install/sam_diving_controller:/home/ginnie/colcon_ws/install/sam_dead_reckoning:/home/ginnie/colcon_ws/install/ros_tcp_endpoint:/home/ginnie/colcon_ws/install/ros2_python_examples:/home/ginnie/colcon_ws/install/mqtt_bridge:/home/ginnie/colcon_ws/install/dubins_planner:/home/ginnie/colcon_ws/install/drone_dr:/home/ginnie/colcon_ws/install/auv_detector:/opt/ros/humble /usr/bin/cmake --build /home/ginnie/colcon_ws/src/svs_driver/build/svs_interfaces -- -j32 -l32
[2.440s] Invoking command in '/home/ginnie/colcon_ws/src/svs_driver/build/svs_interfaces': CMAKE_PREFIX_PATH=${CMAKE_PREFIX_PATH}:/home/ginnie/colcon_ws/install/workshopfun:/home/ginnie/colcon_ws/install/utm_latlon_converter:/home/ginnie/colcon_ws/install/str_json_mqtt_bridge:/home/ginnie/colcon_ws/install/smarc_nodered:/home/ginnie/colcon_ws/install/smarc_bt:/home/ginnie/colcon_ws/install/smarc_bringups:/home/ginnie/colcon_ws/install/sam_joy_xbox:/home/ginnie/colcon_ws/install/sam_joy_teleop:/home/ginnie/colcon_ws/install/sam_diving_controller:/home/ginnie/colcon_ws/install/sam_dead_reckoning:/home/ginnie/colcon_ws/install/ros_tcp_endpoint:/home/ginnie/colcon_ws/install/ros2_python_examples:/home/ginnie/colcon_ws/install/mqtt_bridge:/home/ginnie/colcon_ws/install/dubins_planner:/home/ginnie/colcon_ws/install/drone_dr:/home/ginnie/colcon_ws/install/auv_detector:/opt/ros/humble /usr/bin/cmake --install /home/ginnie/colcon_ws/src/svs_driver/build/svs_interfaces
[2.451s] -- Install configuration: ""
[2.451s] -- Installing: /home/ginnie/colcon_ws/src/svs_driver/install/svs_interfaces/share/ament_index/resource_index/rosidl_interfaces/svs_interfaces
[2.452s] -- Installing: /home/ginnie/colcon_ws/src/svs_driver/install/svs_interfaces/include/svs_interfaces/svs_interfaces
[2.452s] -- Installing: /home/ginnie/colcon_ws/src/svs_driver/install/svs_interfaces/include/svs_interfaces/svs_interfaces/msg
[2.452s] -- Installing: /home/ginnie/colcon_ws/src/svs_driver/install/svs_interfaces/include/svs_interfaces/svs_interfaces/msg/svs.h
[2.452s] -- Installing: /home/ginnie/colcon_ws/src/svs_driver/install/svs_interfaces/include/svs_interfaces/svs_interfaces/msg/detail
[2.452s] -- Installing: /home/ginnie/colcon_ws/src/svs_driver/install/svs_interfaces/include/svs_interfaces/svs_interfaces/msg/detail/svs__type_support.h
[2.452s] -- Installing: /home/ginnie/colcon_ws/src/svs_driver/install/svs_interfaces/include/svs_interfaces/svs_interfaces/msg/detail/svs__functions.h
[2.452s] -- Installing: /home/ginnie/colcon_ws/src/svs_driver/install/svs_interfaces/include/svs_interfaces/svs_interfaces/msg/detail/svs__functions.c
[2.453s] -- Installing: /home/ginnie/colcon_ws/src/svs_driver/install/svs_interfaces/include/svs_interfaces/svs_interfaces/msg/detail/svs__struct.h
[2.453s] -- Installing: /home/ginnie/colcon_ws/src/svs_driver/install/svs_interfaces/include/svs_interfaces/svs_interfaces/msg/rosidl_generator_c__visibility_control.h
[2.453s] -- Installing: /home/ginnie/colcon_ws/src/svs_driver/install/svs_interfaces/share/svs_interfaces/environment/library_path.sh
[2.453s] -- Installing: /home/ginnie/colcon_ws/src/svs_driver/install/svs_interfaces/share/svs_interfaces/environment/library_path.dsv
[2.453s] -- Installing: /home/ginnie/colcon_ws/src/svs_driver/install/svs_interfaces/lib/libsvs_interfaces__rosidl_generator_c.so
[2.453s] -- Set runtime path of "/home/ginnie/colcon_ws/src/svs_driver/install/svs_interfaces/lib/libsvs_interfaces__rosidl_generator_c.so" to ""
[2.453s] -- Up-to-date: /home/ginnie/colcon_ws/src/svs_driver/install/svs_interfaces/include/svs_interfaces/svs_interfaces
[2.453s] -- Up-to-date: /home/ginnie/colcon_ws/src/svs_driver/install/svs_interfaces/include/svs_interfaces/svs_interfaces/msg
[2.453s] -- Up-to-date: /home/ginnie/colcon_ws/src/svs_driver/install/svs_interfaces/include/svs_interfaces/svs_interfaces/msg/detail
[2.453s] -- Installing: /home/ginnie/colcon_ws/src/svs_driver/install/svs_interfaces/include/svs_interfaces/svs_interfaces/msg/detail/svs__rosidl_typesupport_fastrtps_c.h
[2.453s] -- Installing: /home/ginnie/colcon_ws/src/svs_driver/install/svs_interfaces/include/svs_interfaces/svs_interfaces/msg/rosidl_typesupport_fastrtps_c__visibility_control.h
[2.453s] -- Installing: /home/ginnie/colcon_ws/src/svs_driver/install/svs_interfaces/lib/libsvs_interfaces__rosidl_typesupport_fastrtps_c.so
[2.453s] -- Set runtime path of "/home/ginnie/colcon_ws/src/svs_driver/install/svs_interfaces/lib/libsvs_interfaces__rosidl_typesupport_fastrtps_c.so" to ""
[2.453s] -- Up-to-date: /home/ginnie/colcon_ws/src/svs_driver/install/svs_interfaces/include/svs_interfaces/svs_interfaces
[2.453s] -- Up-to-date: /home/ginnie/colcon_ws/src/svs_driver/install/svs_interfaces/include/svs_interfaces/svs_interfaces/msg
[2.453s] -- Installing: /home/ginnie/colcon_ws/src/svs_driver/install/svs_interfaces/include/svs_interfaces/svs_interfaces/msg/rosidl_generator_cpp__visibility_control.hpp
[2.453s] -- Installing: /home/ginnie/colcon_ws/src/svs_driver/install/svs_interfaces/include/svs_interfaces/svs_interfaces/msg/svs.hpp
[2.453s] -- Up-to-date: /home/ginnie/colcon_ws/src/svs_driver/install/svs_interfaces/include/svs_interfaces/svs_interfaces/msg/detail
[2.453s] -- Installing: /home/ginnie/colcon_ws/src/svs_driver/install/svs_interfaces/include/svs_interfaces/svs_interfaces/msg/detail/svs__struct.hpp
[2.453s] -- Installing: /home/ginnie/colcon_ws/src/svs_driver/install/svs_interfaces/include/svs_interfaces/svs_interfaces/msg/detail/svs__builder.hpp
[2.453s] -- Installing: /home/ginnie/colcon_ws/src/svs_driver/install/svs_interfaces/include/svs_interfaces/svs_interfaces/msg/detail/svs__traits.hpp
[2.454s] -- Installing: /home/ginnie/colcon_ws/src/svs_driver/install/svs_interfaces/include/svs_interfaces/svs_interfaces/msg/detail/svs__type_support.hpp
[2.454s] -- Up-to-date: /home/ginnie/colcon_ws/src/svs_driver/install/svs_interfaces/include/svs_interfaces/svs_interfaces
[2.454s] -- Up-to-date: /home/ginnie/colcon_ws/src/svs_driver/install/svs_interfaces/include/svs_interfaces/svs_interfaces/msg
[2.454s] -- Installing: /home/ginnie/colcon_ws/src/svs_driver/install/svs_interfaces/include/svs_interfaces/svs_interfaces/msg/rosidl_typesupport_fastrtps_cpp__visibility_control.h
[2.454s] -- Up-to-date: /home/ginnie/colcon_ws/src/svs_driver/install/svs_interfaces/include/svs_interfaces/svs_interfaces/msg/detail
[2.454s] -- Installing: /home/ginnie/colcon_ws/src/svs_driver/install/svs_interfaces/include/svs_interfaces/svs_interfaces/msg/detail/svs__rosidl_typesupport_fastrtps_cpp.hpp
[2.454s] -- Installing: /home/ginnie/colcon_ws/src/svs_driver/install/svs_interfaces/include/svs_interfaces/svs_interfaces/msg/detail/dds_fastrtps
[2.454s] -- Installing: /home/ginnie/colcon_ws/src/svs_driver/install/svs_interfaces/lib/libsvs_interfaces__rosidl_typesupport_fastrtps_cpp.so
[2.454s] -- Set runtime path of "/home/ginnie/colcon_ws/src/svs_driver/install/svs_interfaces/lib/libsvs_interfaces__rosidl_typesupport_fastrtps_cpp.so" to ""
[2.454s] -- Up-to-date: /home/ginnie/colcon_ws/src/svs_driver/install/svs_interfaces/include/svs_interfaces/svs_interfaces
[2.454s] -- Up-to-date: /home/ginnie/colcon_ws/src/svs_driver/install/svs_interfaces/include/svs_interfaces/svs_interfaces/msg
[2.454s] -- Installing: /home/ginnie/colcon_ws/src/svs_driver/install/svs_interfaces/include/svs_interfaces/svs_interfaces/msg/rosidl_typesupport_introspection_c__visibility_control.h
[2.454s] -- Up-to-date: /home/ginnie/colcon_ws/src/svs_driver/install/svs_interfaces/include/svs_interfaces/svs_interfaces/msg/detail
[2.454s] -- Installing: /home/ginnie/colcon_ws/src/svs_driver/install/svs_interfaces/include/svs_interfaces/svs_interfaces/msg/detail/svs__rosidl_typesupport_introspection_c.h
[2.454s] -- Installing: /home/ginnie/colcon_ws/src/svs_driver/install/svs_interfaces/include/svs_interfaces/svs_interfaces/msg/detail/svs__type_support.c
[2.454s] -- Installing: /home/ginnie/colcon_ws/src/svs_driver/install/svs_interfaces/lib/libsvs_interfaces__rosidl_typesupport_introspection_c.so
[2.454s] -- Set runtime path of "/home/ginnie/colcon_ws/src/svs_driver/install/svs_interfaces/lib/libsvs_interfaces__rosidl_typesupport_introspection_c.so" to ""
[2.454s] -- Installing: /home/ginnie/colcon_ws/src/svs_driver/install/svs_interfaces/lib/libsvs_interfaces__rosidl_typesupport_c.so
[2.454s] -- Set runtime path of "/home/ginnie/colcon_ws/src/svs_driver/install/svs_interfaces/lib/libsvs_interfaces__rosidl_typesupport_c.so" to ""
[2.454s] -- Up-to-date: /home/ginnie/colcon_ws/src/svs_driver/install/svs_interfaces/include/svs_interfaces/svs_interfaces
[2.454s] -- Up-to-date: /home/ginnie/colcon_ws/src/svs_driver/install/svs_interfaces/include/svs_interfaces/svs_interfaces/msg
[2.455s] -- Up-to-date: /home/ginnie/colcon_ws/src/svs_driver/install/svs_interfaces/include/svs_interfaces/svs_interfaces/msg/detail
[2.455s] -- Installing: /home/ginnie/colcon_ws/src/svs_driver/install/svs_interfaces/include/svs_interfaces/svs_interfaces/msg/detail/svs__rosidl_typesupport_introspection_cpp.hpp
[2.455s] -- Installing: /home/ginnie/colcon_ws/src/svs_driver/install/svs_interfaces/include/svs_interfaces/svs_interfaces/msg/detail/svs__type_support.cpp
[2.455s] -- Installing: /home/ginnie/colcon_ws/src/svs_driver/install/svs_interfaces/lib/libsvs_interfaces__rosidl_typesupport_introspection_cpp.so
[2.455s] -- Set runtime path of "/home/ginnie/colcon_ws/src/svs_driver/install/svs_interfaces/lib/libsvs_interfaces__rosidl_typesupport_introspection_cpp.so" to ""
[2.455s] -- Installing: /home/ginnie/colcon_ws/src/svs_driver/install/svs_interfaces/lib/libsvs_interfaces__rosidl_typesupport_cpp.so
[2.455s] -- Set runtime path of "/home/ginnie/colcon_ws/src/svs_driver/install/svs_interfaces/lib/libsvs_interfaces__rosidl_typesupport_cpp.so" to ""
[2.455s] -- Installing: /home/ginnie/colcon_ws/src/svs_driver/install/svs_interfaces/share/svs_interfaces/environment/pythonpath.sh
[2.455s] -- Installing: /home/ginnie/colcon_ws/src/svs_driver/install/svs_interfaces/share/svs_interfaces/environment/pythonpath.dsv
[2.455s] -- Installing: /home/ginnie/colcon_ws/src/svs_driver/install/svs_interfaces/local/lib/python3.10/dist-packages/svs_interfaces-0.0.0-py3.10.egg-info
[2.455s] -- Installing: /home/ginnie/colcon_ws/src/svs_driver/install/svs_interfaces/local/lib/python3.10/dist-packages/svs_interfaces-0.0.0-py3.10.egg-info/SOURCES.txt
[2.455s] -- Installing: /home/ginnie/colcon_ws/src/svs_driver/install/svs_interfaces/local/lib/python3.10/dist-packages/svs_interfaces-0.0.0-py3.10.egg-info/dependency_links.txt
[2.455s] -- Installing: /home/ginnie/colcon_ws/src/svs_driver/install/svs_interfaces/local/lib/python3.10/dist-packages/svs_interfaces-0.0.0-py3.10.egg-info/top_level.txt
[2.455s] -- Installing: /home/ginnie/colcon_ws/src/svs_driver/install/svs_interfaces/local/lib/python3.10/dist-packages/svs_interfaces-0.0.0-py3.10.egg-info/PKG-INFO
[2.455s] -- Installing: /home/ginnie/colcon_ws/src/svs_driver/install/svs_interfaces/local/lib/python3.10/dist-packages/svs_interfaces
[2.455s] -- Installing: /home/ginnie/colcon_ws/src/svs_driver/install/svs_interfaces/local/lib/python3.10/dist-packages/svs_interfaces/svs_interfaces_s__rosidl_typesupport_fastrtps_c.cpython-310-x86_64-linux-gnu.so
[2.455s] -- Installing: /home/ginnie/colcon_ws/src/svs_driver/install/svs_interfaces/local/lib/python3.10/dist-packages/svs_interfaces/svs_interfaces_s__rosidl_typesupport_c.cpython-310-x86_64-linux-gnu.so
[2.455s] -- Installing: /home/ginnie/colcon_ws/src/svs_driver/install/svs_interfaces/local/lib/python3.10/dist-packages/svs_interfaces/_svs_interfaces_s.ep.rosidl_typesupport_c.c
[2.456s] -- Installing: /home/ginnie/colcon_ws/src/svs_driver/install/svs_interfaces/local/lib/python3.10/dist-packages/svs_interfaces/msg
[2.456s] -- Installing: /home/ginnie/colcon_ws/src/svs_driver/install/svs_interfaces/local/lib/python3.10/dist-packages/svs_interfaces/msg/_svs_s.c
[2.456s] -- Installing: /home/ginnie/colcon_ws/src/svs_driver/install/svs_interfaces/local/lib/python3.10/dist-packages/svs_interfaces/msg/_svs.py
[2.456s] -- Installing: /home/ginnie/colcon_ws/src/svs_driver/install/svs_interfaces/local/lib/python3.10/dist-packages/svs_interfaces/msg/__init__.py
[2.456s] -- Installing: /home/ginnie/colcon_ws/src/svs_driver/install/svs_interfaces/local/lib/python3.10/dist-packages/svs_interfaces/__init__.py
[2.456s] -- Installing: /home/ginnie/colcon_ws/src/svs_driver/install/svs_interfaces/local/lib/python3.10/dist-packages/svs_interfaces/libsvs_interfaces__rosidl_generator_py.so
[2.456s] -- Installing: /home/ginnie/colcon_ws/src/svs_driver/install/svs_interfaces/local/lib/python3.10/dist-packages/svs_interfaces/_svs_interfaces_s.ep.rosidl_typesupport_introspection_c.c
[2.456s] -- Installing: /home/ginnie/colcon_ws/src/svs_driver/install/svs_interfaces/local/lib/python3.10/dist-packages/svs_interfaces/svs_interfaces_s__rosidl_typesupport_introspection_c.cpython-310-x86_64-linux-gnu.so
[2.456s] -- Installing: /home/ginnie/colcon_ws/src/svs_driver/install/svs_interfaces/local/lib/python3.10/dist-packages/svs_interfaces/_svs_interfaces_s.ep.rosidl_typesupport_fastrtps_c.c
[2.488s] Listing '/home/ginnie/colcon_ws/src/svs_driver/install/svs_interfaces/local/lib/python3.10/dist-packages/svs_interfaces'...
[2.488s] Compiling '/home/ginnie/colcon_ws/src/svs_driver/install/svs_interfaces/local/lib/python3.10/dist-packages/svs_interfaces/__init__.py'...
[2.488s] Listing '/home/ginnie/colcon_ws/src/svs_driver/install/svs_interfaces/local/lib/python3.10/dist-packages/svs_interfaces/msg'...
[2.488s] Compiling '/home/ginnie/colcon_ws/src/svs_driver/install/svs_interfaces/local/lib/python3.10/dist-packages/svs_interfaces/msg/__init__.py'...
[2.488s] Compiling '/home/ginnie/colcon_ws/src/svs_driver/install/svs_interfaces/local/lib/python3.10/dist-packages/svs_interfaces/msg/_svs.py'...
[2.490s] -- Installing: /home/ginnie/colcon_ws/src/svs_driver/install/svs_interfaces/local/lib/python3.10/dist-packages/svs_interfaces/svs_interfaces_s__rosidl_typesupport_fastrtps_c.cpython-310-x86_64-linux-gnu.so
[2.491s] -- Set runtime path of "/home/ginnie/colcon_ws/src/svs_driver/install/svs_interfaces/local/lib/python3.10/dist-packages/svs_interfaces/svs_interfaces_s__rosidl_typesupport_fastrtps_c.cpython-310-x86_64-linux-gnu.so" to ""
[2.491s] -- Installing: /home/ginnie/colcon_ws/src/svs_driver/install/svs_interfaces/local/lib/python3.10/dist-packages/svs_interfaces/svs_interfaces_s__rosidl_typesupport_introspection_c.cpython-310-x86_64-linux-gnu.so
[2.491s] -- Set runtime path of "/home/ginnie/colcon_ws/src/svs_driver/install/svs_interfaces/local/lib/python3.10/dist-packages/svs_interfaces/svs_interfaces_s__rosidl_typesupport_introspection_c.cpython-310-x86_64-linux-gnu.so" to ""
[2.491s] -- Installing: /home/ginnie/colcon_ws/src/svs_driver/install/svs_interfaces/local/lib/python3.10/dist-packages/svs_interfaces/svs_interfaces_s__rosidl_typesupport_c.cpython-310-x86_64-linux-gnu.so
[2.491s] -- Set runtime path of "/home/ginnie/colcon_ws/src/svs_driver/install/svs_interfaces/local/lib/python3.10/dist-packages/svs_interfaces/svs_interfaces_s__rosidl_typesupport_c.cpython-310-x86_64-linux-gnu.so" to ""
[2.491s] -- Installing: /home/ginnie/colcon_ws/src/svs_driver/install/svs_interfaces/lib/libsvs_interfaces__rosidl_generator_py.so
[2.491s] -- Set runtime path of "/home/ginnie/colcon_ws/src/svs_driver/install/svs_interfaces/lib/libsvs_interfaces__rosidl_generator_py.so" to ""
[2.491s] -- Installing: /home/ginnie/colcon_ws/src/svs_driver/install/svs_interfaces/share/svs_interfaces/msg/SVS.idl
[2.491s] -- Installing: /home/ginnie/colcon_ws/src/svs_driver/install/svs_interfaces/share/svs_interfaces/msg/SVS.msg
[2.491s] -- Installing: /home/ginnie/colcon_ws/src/svs_driver/install/svs_interfaces/share/ament_index/resource_index/package_run_dependencies/svs_interfaces
[2.491s] -- Installing: /home/ginnie/colcon_ws/src/svs_driver/install/svs_interfaces/share/ament_index/resource_index/parent_prefix_path/svs_interfaces
[2.491s] -- Installing: /home/ginnie/colcon_ws/src/svs_driver/install/svs_interfaces/share/svs_interfaces/environment/ament_prefix_path.sh
[2.491s] -- Installing: /home/ginnie/colcon_ws/src/svs_driver/install/svs_interfaces/share/svs_interfaces/environment/ament_prefix_path.dsv
[2.491s] -- Installing: /home/ginnie/colcon_ws/src/svs_driver/install/svs_interfaces/share/svs_interfaces/environment/path.sh
[2.491s] -- Installing: /home/ginnie/colcon_ws/src/svs_driver/install/svs_interfaces/share/svs_interfaces/environment/path.dsv
[2.491s] -- Installing: /home/ginnie/colcon_ws/src/svs_driver/install/svs_interfaces/share/svs_interfaces/local_setup.bash
[2.491s] -- Installing: /home/ginnie/colcon_ws/src/svs_driver/install/svs_interfaces/share/svs_interfaces/local_setup.sh
[2.491s] -- Installing: /home/ginnie/colcon_ws/src/svs_driver/install/svs_interfaces/share/svs_interfaces/local_setup.zsh
[2.491s] -- Installing: /home/ginnie/colcon_ws/src/svs_driver/install/svs_interfaces/share/svs_interfaces/local_setup.dsv
[2.491s] -- Installing: /home/ginnie/colcon_ws/src/svs_driver/install/svs_interfaces/share/svs_interfaces/package.dsv
[2.491s] -- Installing: /home/ginnie/colcon_ws/src/svs_driver/install/svs_interfaces/share/ament_index/resource_index/packages/svs_interfaces
[2.491s] -- Installing: /home/ginnie/colcon_ws/src/svs_driver/install/svs_interfaces/share/svs_interfaces/cmake/export_svs_interfaces__rosidl_generator_cExport.cmake
[2.491s] -- Installing: /home/ginnie/colcon_ws/src/svs_driver/install/svs_interfaces/share/svs_interfaces/cmake/export_svs_interfaces__rosidl_generator_cExport-noconfig.cmake
[2.491s] -- Installing: /home/ginnie/colcon_ws/src/svs_driver/install/svs_interfaces/share/svs_interfaces/cmake/export_svs_interfaces__rosidl_typesupport_fastrtps_cExport.cmake
[2.491s] -- Installing: /home/ginnie/colcon_ws/src/svs_driver/install/svs_interfaces/share/svs_interfaces/cmake/export_svs_interfaces__rosidl_typesupport_fastrtps_cExport-noconfig.cmake
[2.491s] -- Installing: /home/ginnie/colcon_ws/src/svs_driver/install/svs_interfaces/share/svs_interfaces/cmake/export_svs_interfaces__rosidl_generator_cppExport.cmake
[2.492s] -- Installing: /home/ginnie/colcon_ws/src/svs_driver/install/svs_interfaces/share/svs_interfaces/cmake/export_svs_interfaces__rosidl_typesupport_fastrtps_cppExport.cmake
[2.492s] -- Installing: /home/ginnie/colcon_ws/src/svs_driver/install/svs_interfaces/share/svs_interfaces/cmake/export_svs_interfaces__rosidl_typesupport_fastrtps_cppExport-noconfig.cmake
[2.492s] -- Installing: /home/ginnie/colcon_ws/src/svs_driver/install/svs_interfaces/share/svs_interfaces/cmake/svs_interfaces__rosidl_typesupport_introspection_cExport.cmake
[2.492s] -- Installing: /home/ginnie/colcon_ws/src/svs_driver/install/svs_interfaces/share/svs_interfaces/cmake/svs_interfaces__rosidl_typesupport_introspection_cExport-noconfig.cmake
[2.492s] -- Installing: /home/ginnie/colcon_ws/src/svs_driver/install/svs_interfaces/share/svs_interfaces/cmake/svs_interfaces__rosidl_typesupport_cExport.cmake
[2.492s] -- Installing: /home/ginnie/colcon_ws/src/svs_driver/install/svs_interfaces/share/svs_interfaces/cmake/svs_interfaces__rosidl_typesupport_cExport-noconfig.cmake
[2.492s] -- Installing: /home/ginnie/colcon_ws/src/svs_driver/install/svs_interfaces/share/svs_interfaces/cmake/svs_interfaces__rosidl_typesupport_introspection_cppExport.cmake
[2.492s] -- Installing: /home/ginnie/colcon_ws/src/svs_driver/install/svs_interfaces/share/svs_interfaces/cmake/svs_interfaces__rosidl_typesupport_introspection_cppExport-noconfig.cmake
[2.492s] -- Installing: /home/ginnie/colcon_ws/src/svs_driver/install/svs_interfaces/share/svs_interfaces/cmake/svs_interfaces__rosidl_typesupport_cppExport.cmake
[2.492s] -- Installing: /home/ginnie/colcon_ws/src/svs_driver/install/svs_interfaces/share/svs_interfaces/cmake/svs_interfaces__rosidl_typesupport_cppExport-noconfig.cmake
[2.492s] -- Installing: /home/ginnie/colcon_ws/src/svs_driver/install/svs_interfaces/share/svs_interfaces/cmake/export_svs_interfaces__rosidl_generator_pyExport.cmake
[2.492s] -- Installing: /home/ginnie/colcon_ws/src/svs_driver/install/svs_interfaces/share/svs_interfaces/cmake/export_svs_interfaces__rosidl_generator_pyExport-noconfig.cmake
[2.492s] -- Installing: /home/ginnie/colcon_ws/src/svs_driver/install/svs_interfaces/share/svs_interfaces/cmake/rosidl_cmake-extras.cmake
[2.492s] -- Installing: /home/ginnie/colcon_ws/src/svs_driver/install/svs_interfaces/share/svs_interfaces/cmake/ament_cmake_export_dependencies-extras.cmake
[2.492s] -- Installing: /home/ginnie/colcon_ws/src/svs_driver/install/svs_interfaces/share/svs_interfaces/cmake/ament_cmake_export_include_directories-extras.cmake
[2.492s] -- Installing: /home/ginnie/colcon_ws/src/svs_driver/install/svs_interfaces/share/svs_interfaces/cmake/ament_cmake_export_libraries-extras.cmake
[2.492s] -- Installing: /home/ginnie/colcon_ws/src/svs_driver/install/svs_interfaces/share/svs_interfaces/cmake/ament_cmake_export_targets-extras.cmake
[2.492s] -- Installing: /home/ginnie/colcon_ws/src/svs_driver/install/svs_interfaces/share/svs_interfaces/cmake/rosidl_cmake_export_typesupport_targets-extras.cmake
[2.492s] -- Installing: /home/ginnie/colcon_ws/src/svs_driver/install/svs_interfaces/share/svs_interfaces/cmake/rosidl_cmake_export_typesupport_libraries-extras.cmake
[2.492s] -- Installing: /home/ginnie/colcon_ws/src/svs_driver/install/svs_interfaces/share/svs_interfaces/cmake/svs_interfacesConfig.cmake
[2.492s] -- Installing: /home/ginnie/colcon_ws/src/svs_driver/install/svs_interfaces/share/svs_interfaces/cmake/svs_interfacesConfig-version.cmake
[2.492s] -- Installing: /home/ginnie/colcon_ws/src/svs_driver/install/svs_interfaces/share/svs_interfaces/package.xml
[2.494s] Invoked command in '/home/ginnie/colcon_ws/src/svs_driver/build/svs_interfaces' returned '0': CMAKE_PREFIX_PATH=${CMAKE_PREFIX_PATH}:/home/ginnie/colcon_ws/install/workshopfun:/home/ginnie/colcon_ws/install/utm_latlon_converter:/home/ginnie/colcon_ws/install/str_json_mqtt_bridge:/home/ginnie/colcon_ws/install/smarc_nodered:/home/ginnie/colcon_ws/install/smarc_bt:/home/ginnie/colcon_ws/install/smarc_bringups:/home/ginnie/colcon_ws/install/sam_joy_xbox:/home/ginnie/colcon_ws/install/sam_joy_teleop:/home/ginnie/colcon_ws/install/sam_diving_controller:/home/ginnie/colcon_ws/install/sam_dead_reckoning:/home/ginnie/colcon_ws/install/ros_tcp_endpoint:/home/ginnie/colcon_ws/install/ros2_python_examples:/home/ginnie/colcon_ws/install/mqtt_bridge:/home/ginnie/colcon_ws/install/dubins_planner:/home/ginnie/colcon_ws/install/drone_dr:/home/ginnie/colcon_ws/install/auv_detector:/opt/ros/humble /usr/bin/cmake --install /home/ginnie/colcon_ws/src/svs_driver/build/svs_interfaces
