running egg_info
writing ../build/svs_driver/svs_driver.egg-info/PKG-INFO
writing dependency_links to ../build/svs_driver/svs_driver.egg-info/dependency_links.txt
writing entry points to ../build/svs_driver/svs_driver.egg-info/entry_points.txt
writing requirements to ../build/svs_driver/svs_driver.egg-info/requires.txt
writing top-level names to ../build/svs_driver/svs_driver.egg-info/top_level.txt
reading manifest file '../build/svs_driver/svs_driver.egg-info/SOURCES.txt'
writing manifest file '../build/svs_driver/svs_driver.egg-info/SOURCES.txt'
running build
running build_py
copying svs_driver/serial_reader_svs.py -> /home/ginnie/colcon_ws/src/svs_driver/build/svs_driver/build/lib/svs_driver
copying svs_driver/parse_svs.py -> /home/ginnie/colcon_ws/src/svs_driver/build/svs_driver/build/lib/svs_driver
running install
running install_lib
copying /home/ginnie/colcon_ws/src/svs_driver/build/svs_driver/build/lib/svs_driver/serial_reader_svs.py -> /home/ginnie/colcon_ws/src/svs_driver/install/svs_driver/lib/python3.10/site-packages/svs_driver
copying /home/ginnie/colcon_ws/src/svs_driver/build/svs_driver/build/lib/svs_driver/parse_svs.py -> /home/ginnie/colcon_ws/src/svs_driver/install/svs_driver/lib/python3.10/site-packages/svs_driver
byte-compiling /home/ginnie/colcon_ws/src/svs_driver/install/svs_driver/lib/python3.10/site-packages/svs_driver/serial_reader_svs.py to serial_reader_svs.cpython-310.pyc
byte-compiling /home/ginnie/colcon_ws/src/svs_driver/install/svs_driver/lib/python3.10/site-packages/svs_driver/parse_svs.py to parse_svs.cpython-310.pyc
running install_data
running install_egg_info
removing '/home/ginnie/colcon_ws/src/svs_driver/install/svs_driver/lib/python3.10/site-packages/svs_driver-0.0.0-py3.10.egg-info' (and everything under it)
Copying ../build/svs_driver/svs_driver.egg-info to /home/ginnie/colcon_ws/src/svs_driver/install/svs_driver/lib/python3.10/site-packages/svs_driver-0.0.0-py3.10.egg-info
running install_scripts
Installing serial_reader_svs script to /home/ginnie/colcon_ws/src/svs_driver/install/svs_driver/lib/svs_driver
Installing svs_driver script to /home/ginnie/colcon_ws/src/svs_driver/install/svs_driver/lib/svs_driver
writing list of installed files to '/home/ginnie/colcon_ws/src/svs_driver/build/svs_driver/install.log'
