[0.053s] DEBUG:colcon:Command line arguments: ['/usr/bin/colcon', 'build']
[0.053s] DEBUG:colcon:Parsed command line arguments: Namespace(log_base=None, log_level=None, verb_name='build', build_base='build', install_base='install', merge_install=False, symlink_install=False, test_result_base=None, continue_on_error=False, executor='parallel', parallel_workers=32, event_handlers=None, ignore_user_meta=False, metas=['./colcon.meta'], base_paths=['.'], packages_ignore=None, packages_ignore_regex=None, paths=None, packages_up_to=None, packages_up_to_regex=None, packages_above=None, packages_above_and_dependencies=None, packages_above_depth=None, packages_select_by_dep=None, packages_skip_by_dep=None, packages_skip_up_to=None, packages_select_build_failed=False, packages_skip_build_finished=False, packages_select_test_failures=False, packages_skip_test_passed=False, packages_select=None, packages_skip=None, packages_select_regex=None, packages_skip_regex=None, packages_start=None, packages_end=None, allow_overriding=[], cmake_args=None, cmake_target=None, cmake_target_skip_unavailable=False, cmake_clean_cache=False, cmake_clean_first=False, cmake_force_configure=False, ament_cmake_args=None, catkin_cmake_args=None, catkin_skip_building_tests=False, mixin_files=None, mixin=None, verb_parser=<colcon_mixin.mixin.mixin_argument.MixinArgumentDecorator object at 0x78c25e1c4070>, verb_extension=<colcon_core.verb.build.BuildVerb object at 0x78c25e135600>, main=<bound method BuildVerb.main of <colcon_core.verb.build.BuildVerb object at 0x78c25e135600>>, mixin_verb=('build',))
[0.141s] Level 1:colcon.colcon_core.package_discovery:discover_packages(colcon_meta) check parameters
[0.141s] Level 1:colcon.colcon_core.package_discovery:discover_packages(recursive) check parameters
[0.141s] Level 1:colcon.colcon_core.package_discovery:discover_packages(ignore) check parameters
[0.141s] Level 1:colcon.colcon_core.package_discovery:discover_packages(path) check parameters
[0.141s] Level 1:colcon.colcon_core.package_discovery:discover_packages(colcon_meta) discover
[0.141s] Level 1:colcon.colcon_core.package_discovery:discover_packages(recursive) discover
[0.141s] INFO:colcon.colcon_core.package_discovery:Crawling recursively for packages in '/home/ginnie/colcon_ws/src/svs_driver'
[0.141s] Level 1:colcon.colcon_core.package_identification:_identify(.) by extensions ['ignore', 'ignore_ament_install']
[0.141s] Level 1:colcon.colcon_core.package_identification:_identify(.) by extension 'ignore'
[0.141s] Level 1:colcon.colcon_core.package_identification:_identify(.) by extension 'ignore_ament_install'
[0.141s] Level 1:colcon.colcon_core.package_identification:_identify(.) by extensions ['colcon_pkg']
[0.141s] Level 1:colcon.colcon_core.package_identification:_identify(.) by extension 'colcon_pkg'
[0.141s] Level 1:colcon.colcon_core.package_identification:_identify(.) by extensions ['colcon_meta']
[0.141s] Level 1:colcon.colcon_core.package_identification:_identify(.) by extension 'colcon_meta'
[0.141s] Level 1:colcon.colcon_core.package_identification:_identify(.) by extensions ['ros']
[0.141s] Level 1:colcon.colcon_core.package_identification:_identify(.) by extension 'ros'
[0.149s] Level 1:colcon.colcon_core.package_identification:_identify(.) by extensions ['cmake', 'python']
[0.149s] Level 1:colcon.colcon_core.package_identification:_identify(.) by extension 'cmake'
[0.150s] Level 1:colcon.colcon_core.package_identification:_identify(.) by extension 'python'
[0.150s] Level 1:colcon.colcon_core.package_identification:_identify(.) by extensions ['python_setup_py']
[0.150s] Level 1:colcon.colcon_core.package_identification:_identify(.) by extension 'python_setup_py'
[0.150s] Level 1:colcon.colcon_core.package_identification:_identify(build) by extensions ['ignore', 'ignore_ament_install']
[0.150s] Level 1:colcon.colcon_core.package_identification:_identify(build) by extension 'ignore'
[0.150s] Level 1:colcon.colcon_core.package_identification:_identify(build) ignored
[0.150s] Level 1:colcon.colcon_core.package_identification:_identify(install) by extensions ['ignore', 'ignore_ament_install']
[0.150s] Level 1:colcon.colcon_core.package_identification:_identify(install) by extension 'ignore'
[0.150s] Level 1:colcon.colcon_core.package_identification:_identify(install) ignored
[0.150s] Level 1:colcon.colcon_core.package_identification:_identify(log) by extensions ['ignore', 'ignore_ament_install']
[0.150s] Level 1:colcon.colcon_core.package_identification:_identify(log) by extension 'ignore'
[0.150s] Level 1:colcon.colcon_core.package_identification:_identify(log) ignored
[0.150s] Level 1:colcon.colcon_core.package_identification:_identify(svs_driver) by extensions ['ignore', 'ignore_ament_install']
[0.150s] Level 1:colcon.colcon_core.package_identification:_identify(svs_driver) by extension 'ignore'
[0.150s] Level 1:colcon.colcon_core.package_identification:_identify(svs_driver) by extension 'ignore_ament_install'
[0.150s] Level 1:colcon.colcon_core.package_identification:_identify(svs_driver) by extensions ['colcon_pkg']
[0.150s] Level 1:colcon.colcon_core.package_identification:_identify(svs_driver) by extension 'colcon_pkg'
[0.150s] Level 1:colcon.colcon_core.package_identification:_identify(svs_driver) by extensions ['colcon_meta']
[0.150s] Level 1:colcon.colcon_core.package_identification:_identify(svs_driver) by extension 'colcon_meta'
[0.150s] Level 1:colcon.colcon_core.package_identification:_identify(svs_driver) by extensions ['ros']
[0.150s] Level 1:colcon.colcon_core.package_identification:_identify(svs_driver) by extension 'ros'
[0.151s] DEBUG:colcon.colcon_core.package_identification:Package 'svs_driver' with type 'ros.ament_python' and name 'svs_driver'
[0.151s] Level 1:colcon.colcon_core.package_identification:_identify(svs_interfaces) by extensions ['ignore', 'ignore_ament_install']
[0.151s] Level 1:colcon.colcon_core.package_identification:_identify(svs_interfaces) by extension 'ignore'
[0.151s] Level 1:colcon.colcon_core.package_identification:_identify(svs_interfaces) by extension 'ignore_ament_install'
[0.151s] Level 1:colcon.colcon_core.package_identification:_identify(svs_interfaces) by extensions ['colcon_pkg']
[0.151s] Level 1:colcon.colcon_core.package_identification:_identify(svs_interfaces) by extension 'colcon_pkg'
[0.151s] Level 1:colcon.colcon_core.package_identification:_identify(svs_interfaces) by extensions ['colcon_meta']
[0.151s] Level 1:colcon.colcon_core.package_identification:_identify(svs_interfaces) by extension 'colcon_meta'
[0.151s] Level 1:colcon.colcon_core.package_identification:_identify(svs_interfaces) by extensions ['ros']
[0.151s] Level 1:colcon.colcon_core.package_identification:_identify(svs_interfaces) by extension 'ros'
[0.152s] DEBUG:colcon.colcon_core.package_identification:Package 'svs_interfaces' with type 'ros.ament_cmake' and name 'svs_interfaces'
[0.152s] Level 1:colcon.colcon_core.package_discovery:discover_packages(recursive) using defaults
[0.152s] Level 1:colcon.colcon_core.package_discovery:discover_packages(ignore) discover
[0.152s] Level 1:colcon.colcon_core.package_discovery:discover_packages(ignore) using defaults
[0.152s] Level 1:colcon.colcon_core.package_discovery:discover_packages(path) discover
[0.152s] Level 1:colcon.colcon_core.package_discovery:discover_packages(path) using defaults
[0.161s] Level 1:colcon.colcon_core.package_discovery:discover_packages(prefix_path) check parameters
[0.162s] Level 1:colcon.colcon_core.package_discovery:discover_packages(prefix_path) discover
[0.163s] DEBUG:colcon.colcon_installed_package_information.package_discovery:Found 29 installed packages in /home/ginnie/colcon_ws/install
[0.163s] DEBUG:colcon.colcon_installed_package_information.package_discovery:Found 278 installed packages in /opt/ros/humble
[0.164s] Level 1:colcon.colcon_core.package_discovery:discover_packages(prefix_path) using defaults
[0.179s] Level 5:colcon.colcon_core.verb:set package 'svs_driver' build argument 'cmake_args' from command line to 'None'
[0.179s] Level 5:colcon.colcon_core.verb:set package 'svs_driver' build argument 'cmake_target' from command line to 'None'
[0.179s] Level 5:colcon.colcon_core.verb:set package 'svs_driver' build argument 'cmake_target_skip_unavailable' from command line to 'False'
[0.179s] Level 5:colcon.colcon_core.verb:set package 'svs_driver' build argument 'cmake_clean_cache' from command line to 'False'
[0.179s] Level 5:colcon.colcon_core.verb:set package 'svs_driver' build argument 'cmake_clean_first' from command line to 'False'
[0.179s] Level 5:colcon.colcon_core.verb:set package 'svs_driver' build argument 'cmake_force_configure' from command line to 'False'
[0.179s] Level 5:colcon.colcon_core.verb:set package 'svs_driver' build argument 'ament_cmake_args' from command line to 'None'
[0.179s] Level 5:colcon.colcon_core.verb:set package 'svs_driver' build argument 'catkin_cmake_args' from command line to 'None'
[0.179s] Level 5:colcon.colcon_core.verb:set package 'svs_driver' build argument 'catkin_skip_building_tests' from command line to 'False'
[0.179s] DEBUG:colcon.colcon_core.verb:Building package 'svs_driver' with the following arguments: {'ament_cmake_args': None, 'build_base': '/home/ginnie/colcon_ws/src/svs_driver/build/svs_driver', 'catkin_cmake_args': None, 'catkin_skip_building_tests': False, 'cmake_args': None, 'cmake_clean_cache': False, 'cmake_clean_first': False, 'cmake_force_configure': False, 'cmake_target': None, 'cmake_target_skip_unavailable': False, 'install_base': '/home/ginnie/colcon_ws/src/svs_driver/install/svs_driver', 'merge_install': False, 'path': '/home/ginnie/colcon_ws/src/svs_driver/svs_driver', 'symlink_install': False, 'test_result_base': None}
[0.180s] Level 5:colcon.colcon_core.verb:set package 'svs_interfaces' build argument 'cmake_args' from command line to 'None'
[0.180s] Level 5:colcon.colcon_core.verb:set package 'svs_interfaces' build argument 'cmake_target' from command line to 'None'
[0.180s] Level 5:colcon.colcon_core.verb:set package 'svs_interfaces' build argument 'cmake_target_skip_unavailable' from command line to 'False'
[0.180s] Level 5:colcon.colcon_core.verb:set package 'svs_interfaces' build argument 'cmake_clean_cache' from command line to 'False'
[0.180s] Level 5:colcon.colcon_core.verb:set package 'svs_interfaces' build argument 'cmake_clean_first' from command line to 'False'
[0.180s] Level 5:colcon.colcon_core.verb:set package 'svs_interfaces' build argument 'cmake_force_configure' from command line to 'False'
[0.180s] Level 5:colcon.colcon_core.verb:set package 'svs_interfaces' build argument 'ament_cmake_args' from command line to 'None'
[0.180s] Level 5:colcon.colcon_core.verb:set package 'svs_interfaces' build argument 'catkin_cmake_args' from command line to 'None'
[0.180s] Level 5:colcon.colcon_core.verb:set package 'svs_interfaces' build argument 'catkin_skip_building_tests' from command line to 'False'
[0.180s] DEBUG:colcon.colcon_core.verb:Building package 'svs_interfaces' with the following arguments: {'ament_cmake_args': None, 'build_base': '/home/ginnie/colcon_ws/src/svs_driver/build/svs_interfaces', 'catkin_cmake_args': None, 'catkin_skip_building_tests': False, 'cmake_args': None, 'cmake_clean_cache': False, 'cmake_clean_first': False, 'cmake_force_configure': False, 'cmake_target': None, 'cmake_target_skip_unavailable': False, 'install_base': '/home/ginnie/colcon_ws/src/svs_driver/install/svs_interfaces', 'merge_install': False, 'path': '/home/ginnie/colcon_ws/src/svs_driver/svs_interfaces', 'symlink_install': False, 'test_result_base': None}
[0.180s] INFO:colcon.colcon_core.executor:Executing jobs using 'parallel' executor
[0.180s] DEBUG:colcon.colcon_parallel_executor.executor.parallel:run_until_complete
[0.180s] INFO:colcon.colcon_ros.task.ament_python.build:Building ROS package in '/home/ginnie/colcon_ws/src/svs_driver/svs_driver' with build type 'ament_python'
[0.180s] Level 1:colcon.colcon_core.shell:create_environment_hook('svs_driver', 'ament_prefix_path')
[0.181s] INFO:colcon.colcon_core.plugin_system:Skipping extension 'colcon_core.shell.bat': Not used on non-Windows systems
[0.182s] INFO:colcon.colcon_core.shell:Creating environment hook '/home/ginnie/colcon_ws/src/svs_driver/install/svs_driver/share/svs_driver/hook/ament_prefix_path.ps1'
[0.182s] INFO:colcon.colcon_core.shell:Creating environment descriptor '/home/ginnie/colcon_ws/src/svs_driver/install/svs_driver/share/svs_driver/hook/ament_prefix_path.dsv'
[0.182s] INFO:colcon.colcon_core.shell:Creating environment hook '/home/ginnie/colcon_ws/src/svs_driver/install/svs_driver/share/svs_driver/hook/ament_prefix_path.sh'
[0.182s] INFO:colcon.colcon_core.shell:Skip shell extension 'powershell' for command environment: Not usable outside of PowerShell
[0.182s] DEBUG:colcon.colcon_core.shell:Skip shell extension 'dsv' for command environment
[0.184s] INFO:colcon.colcon_ros.task.ament_cmake.build:Building ROS package in '/home/ginnie/colcon_ws/src/svs_driver/svs_interfaces' with build type 'ament_cmake'
[0.184s] INFO:colcon.colcon_cmake.task.cmake.build:Building CMake package in '/home/ginnie/colcon_ws/src/svs_driver/svs_interfaces'
[0.184s] INFO:colcon.colcon_core.shell:Skip shell extension 'powershell' for command environment: Not usable outside of PowerShell
[0.184s] DEBUG:colcon.colcon_core.shell:Skip shell extension 'dsv' for command environment
[0.325s] INFO:colcon.colcon_core.task.python.build:Building Python package in '/home/ginnie/colcon_ws/src/svs_driver/svs_driver'
[0.326s] INFO:colcon.colcon_core.shell:Skip shell extension 'powershell' for command environment: Not usable outside of PowerShell
[0.326s] DEBUG:colcon.colcon_core.shell:Skip shell extension 'dsv' for command environment
[0.330s] DEBUG:colcon.colcon_core.event_handler.log_command:Invoking command in '/home/ginnie/colcon_ws/src/svs_driver/build/svs_interfaces': CMAKE_PREFIX_PATH=${CMAKE_PREFIX_PATH}:/home/ginnie/colcon_ws/install/workshopfun:/home/ginnie/colcon_ws/install/utm_latlon_converter:/home/ginnie/colcon_ws/install/str_json_mqtt_bridge:/home/ginnie/colcon_ws/install/smarc_nodered:/home/ginnie/colcon_ws/install/smarc_bt:/home/ginnie/colcon_ws/install/smarc_bringups:/home/ginnie/colcon_ws/install/sam_joy_xbox:/home/ginnie/colcon_ws/install/sam_joy_teleop:/home/ginnie/colcon_ws/install/sam_diving_controller:/home/ginnie/colcon_ws/install/sam_dead_reckoning:/home/ginnie/colcon_ws/install/ros_tcp_endpoint:/home/ginnie/colcon_ws/install/ros2_python_examples:/home/ginnie/colcon_ws/install/mqtt_bridge:/home/ginnie/colcon_ws/install/dubins_planner:/home/ginnie/colcon_ws/install/drone_dr:/home/ginnie/colcon_ws/install/auv_detector:/opt/ros/humble /usr/bin/cmake --build /home/ginnie/colcon_ws/src/svs_driver/build/svs_interfaces -- -j32 -l32
[0.573s] DEBUG:colcon.colcon_core.event_handler.log_command:Invoked command in '/home/ginnie/colcon_ws/src/svs_driver/build/svs_interfaces' returned '0': CMAKE_PREFIX_PATH=${CMAKE_PREFIX_PATH}:/home/ginnie/colcon_ws/install/workshopfun:/home/ginnie/colcon_ws/install/utm_latlon_converter:/home/ginnie/colcon_ws/install/str_json_mqtt_bridge:/home/ginnie/colcon_ws/install/smarc_nodered:/home/ginnie/colcon_ws/install/smarc_bt:/home/ginnie/colcon_ws/install/smarc_bringups:/home/ginnie/colcon_ws/install/sam_joy_xbox:/home/ginnie/colcon_ws/install/sam_joy_teleop:/home/ginnie/colcon_ws/install/sam_diving_controller:/home/ginnie/colcon_ws/install/sam_dead_reckoning:/home/ginnie/colcon_ws/install/ros_tcp_endpoint:/home/ginnie/colcon_ws/install/ros2_python_examples:/home/ginnie/colcon_ws/install/mqtt_bridge:/home/ginnie/colcon_ws/install/dubins_planner:/home/ginnie/colcon_ws/install/drone_dr:/home/ginnie/colcon_ws/install/auv_detector:/opt/ros/humble /usr/bin/cmake --build /home/ginnie/colcon_ws/src/svs_driver/build/svs_interfaces -- -j32 -l32
[0.582s] DEBUG:colcon.colcon_core.event_handler.log_command:Invoking command in '/home/ginnie/colcon_ws/src/svs_driver/build/svs_interfaces': CMAKE_PREFIX_PATH=${CMAKE_PREFIX_PATH}:/home/ginnie/colcon_ws/install/workshopfun:/home/ginnie/colcon_ws/install/utm_latlon_converter:/home/ginnie/colcon_ws/install/str_json_mqtt_bridge:/home/ginnie/colcon_ws/install/smarc_nodered:/home/ginnie/colcon_ws/install/smarc_bt:/home/ginnie/colcon_ws/install/smarc_bringups:/home/ginnie/colcon_ws/install/sam_joy_xbox:/home/ginnie/colcon_ws/install/sam_joy_teleop:/home/ginnie/colcon_ws/install/sam_diving_controller:/home/ginnie/colcon_ws/install/sam_dead_reckoning:/home/ginnie/colcon_ws/install/ros_tcp_endpoint:/home/ginnie/colcon_ws/install/ros2_python_examples:/home/ginnie/colcon_ws/install/mqtt_bridge:/home/ginnie/colcon_ws/install/dubins_planner:/home/ginnie/colcon_ws/install/drone_dr:/home/ginnie/colcon_ws/install/auv_detector:/opt/ros/humble /usr/bin/cmake --install /home/ginnie/colcon_ws/src/svs_driver/build/svs_interfaces
[0.615s] Level 1:colcon.colcon_core.environment:create_environment_scripts_only(svs_interfaces)
[0.616s] DEBUG:colcon.colcon_core.event_handler.log_command:Invoked command in '/home/ginnie/colcon_ws/src/svs_driver/build/svs_interfaces' returned '0': CMAKE_PREFIX_PATH=${CMAKE_PREFIX_PATH}:/home/ginnie/colcon_ws/install/workshopfun:/home/ginnie/colcon_ws/install/utm_latlon_converter:/home/ginnie/colcon_ws/install/str_json_mqtt_bridge:/home/ginnie/colcon_ws/install/smarc_nodered:/home/ginnie/colcon_ws/install/smarc_bt:/home/ginnie/colcon_ws/install/smarc_bringups:/home/ginnie/colcon_ws/install/sam_joy_xbox:/home/ginnie/colcon_ws/install/sam_joy_teleop:/home/ginnie/colcon_ws/install/sam_diving_controller:/home/ginnie/colcon_ws/install/sam_dead_reckoning:/home/ginnie/colcon_ws/install/ros_tcp_endpoint:/home/ginnie/colcon_ws/install/ros2_python_examples:/home/ginnie/colcon_ws/install/mqtt_bridge:/home/ginnie/colcon_ws/install/dubins_planner:/home/ginnie/colcon_ws/install/drone_dr:/home/ginnie/colcon_ws/install/auv_detector:/opt/ros/humble /usr/bin/cmake --install /home/ginnie/colcon_ws/src/svs_driver/build/svs_interfaces
[0.617s] Level 1:colcon.colcon_core.environment:checking '/home/ginnie/colcon_ws/src/svs_driver/install/svs_interfaces' for CMake module files
[0.618s] Level 1:colcon.colcon_core.environment:checking '/home/ginnie/colcon_ws/src/svs_driver/install/svs_interfaces' for CMake config files
[0.618s] Level 1:colcon.colcon_core.shell:create_environment_hook('svs_interfaces', 'cmake_prefix_path')
[0.618s] INFO:colcon.colcon_core.shell:Creating environment hook '/home/ginnie/colcon_ws/src/svs_driver/install/svs_interfaces/share/svs_interfaces/hook/cmake_prefix_path.ps1'
[0.619s] INFO:colcon.colcon_core.shell:Creating environment descriptor '/home/ginnie/colcon_ws/src/svs_driver/install/svs_interfaces/share/svs_interfaces/hook/cmake_prefix_path.dsv'
[0.619s] INFO:colcon.colcon_core.shell:Creating environment hook '/home/ginnie/colcon_ws/src/svs_driver/install/svs_interfaces/share/svs_interfaces/hook/cmake_prefix_path.sh'
[0.619s] Level 1:colcon.colcon_core.environment:checking '/home/ginnie/colcon_ws/src/svs_driver/install/svs_interfaces/lib'
[0.619s] Level 1:colcon.colcon_core.shell:create_environment_hook('svs_interfaces', 'ld_library_path_lib')
[0.619s] INFO:colcon.colcon_core.shell:Creating environment hook '/home/ginnie/colcon_ws/src/svs_driver/install/svs_interfaces/share/svs_interfaces/hook/ld_library_path_lib.ps1'
[0.620s] INFO:colcon.colcon_core.shell:Creating environment descriptor '/home/ginnie/colcon_ws/src/svs_driver/install/svs_interfaces/share/svs_interfaces/hook/ld_library_path_lib.dsv'
[0.620s] INFO:colcon.colcon_core.shell:Creating environment hook '/home/ginnie/colcon_ws/src/svs_driver/install/svs_interfaces/share/svs_interfaces/hook/ld_library_path_lib.sh'
[0.620s] Level 1:colcon.colcon_core.environment:checking '/home/ginnie/colcon_ws/src/svs_driver/install/svs_interfaces/bin'
[0.620s] Level 1:colcon.colcon_core.environment:checking '/home/ginnie/colcon_ws/src/svs_driver/install/svs_interfaces/lib/pkgconfig/svs_interfaces.pc'
[0.620s] Level 1:colcon.colcon_core.environment:checking '/home/ginnie/colcon_ws/src/svs_driver/install/svs_interfaces/lib/python3.10/site-packages'
[0.620s] Level 1:colcon.colcon_core.environment:checking '/home/ginnie/colcon_ws/src/svs_driver/install/svs_interfaces/bin'
[0.620s] INFO:colcon.colcon_core.shell:Creating package script '/home/ginnie/colcon_ws/src/svs_driver/install/svs_interfaces/share/svs_interfaces/package.ps1'
[0.621s] INFO:colcon.colcon_core.shell:Creating package descriptor '/home/ginnie/colcon_ws/src/svs_driver/install/svs_interfaces/share/svs_interfaces/package.dsv'
[0.621s] INFO:colcon.colcon_core.shell:Creating package script '/home/ginnie/colcon_ws/src/svs_driver/install/svs_interfaces/share/svs_interfaces/package.sh'
[0.622s] INFO:colcon.colcon_core.shell:Creating package script '/home/ginnie/colcon_ws/src/svs_driver/install/svs_interfaces/share/svs_interfaces/package.bash'
[0.622s] INFO:colcon.colcon_core.shell:Creating package script '/home/ginnie/colcon_ws/src/svs_driver/install/svs_interfaces/share/svs_interfaces/package.zsh'
[0.622s] Level 1:colcon.colcon_core.environment:create_file_with_runtime_dependencies(/home/ginnie/colcon_ws/src/svs_driver/install/svs_interfaces/share/colcon-core/packages/svs_interfaces)
[0.623s] Level 1:colcon.colcon_core.environment:create_environment_scripts_only(svs_interfaces)
[0.623s] Level 1:colcon.colcon_core.environment:checking '/home/ginnie/colcon_ws/src/svs_driver/install/svs_interfaces' for CMake module files
[0.623s] Level 1:colcon.colcon_core.environment:checking '/home/ginnie/colcon_ws/src/svs_driver/install/svs_interfaces' for CMake config files
[0.623s] Level 1:colcon.colcon_core.shell:create_environment_hook('svs_interfaces', 'cmake_prefix_path')
[0.624s] INFO:colcon.colcon_core.shell:Creating environment hook '/home/ginnie/colcon_ws/src/svs_driver/install/svs_interfaces/share/svs_interfaces/hook/cmake_prefix_path.ps1'
[0.624s] INFO:colcon.colcon_core.shell:Creating environment descriptor '/home/ginnie/colcon_ws/src/svs_driver/install/svs_interfaces/share/svs_interfaces/hook/cmake_prefix_path.dsv'
[0.624s] INFO:colcon.colcon_core.shell:Creating environment hook '/home/ginnie/colcon_ws/src/svs_driver/install/svs_interfaces/share/svs_interfaces/hook/cmake_prefix_path.sh'
[0.624s] Level 1:colcon.colcon_core.environment:checking '/home/ginnie/colcon_ws/src/svs_driver/install/svs_interfaces/lib'
[0.624s] Level 1:colcon.colcon_core.shell:create_environment_hook('svs_interfaces', 'ld_library_path_lib')
[0.624s] INFO:colcon.colcon_core.shell:Creating environment hook '/home/ginnie/colcon_ws/src/svs_driver/install/svs_interfaces/share/svs_interfaces/hook/ld_library_path_lib.ps1'
[0.625s] INFO:colcon.colcon_core.shell:Creating environment descriptor '/home/ginnie/colcon_ws/src/svs_driver/install/svs_interfaces/share/svs_interfaces/hook/ld_library_path_lib.dsv'
[0.625s] INFO:colcon.colcon_core.shell:Creating environment hook '/home/ginnie/colcon_ws/src/svs_driver/install/svs_interfaces/share/svs_interfaces/hook/ld_library_path_lib.sh'
[0.625s] Level 1:colcon.colcon_core.environment:checking '/home/ginnie/colcon_ws/src/svs_driver/install/svs_interfaces/bin'
[0.625s] Level 1:colcon.colcon_core.environment:checking '/home/ginnie/colcon_ws/src/svs_driver/install/svs_interfaces/lib/pkgconfig/svs_interfaces.pc'
[0.625s] Level 1:colcon.colcon_core.environment:checking '/home/ginnie/colcon_ws/src/svs_driver/install/svs_interfaces/lib/python3.10/site-packages'
[0.625s] Level 1:colcon.colcon_core.environment:checking '/home/ginnie/colcon_ws/src/svs_driver/install/svs_interfaces/bin'
[0.625s] INFO:colcon.colcon_core.shell:Creating package script '/home/ginnie/colcon_ws/src/svs_driver/install/svs_interfaces/share/svs_interfaces/package.ps1'
[0.626s] INFO:colcon.colcon_core.shell:Creating package descriptor '/home/ginnie/colcon_ws/src/svs_driver/install/svs_interfaces/share/svs_interfaces/package.dsv'
[0.626s] INFO:colcon.colcon_core.shell:Creating package script '/home/ginnie/colcon_ws/src/svs_driver/install/svs_interfaces/share/svs_interfaces/package.sh'
[0.626s] INFO:colcon.colcon_core.shell:Creating package script '/home/ginnie/colcon_ws/src/svs_driver/install/svs_interfaces/share/svs_interfaces/package.bash'
[0.626s] INFO:colcon.colcon_core.shell:Creating package script '/home/ginnie/colcon_ws/src/svs_driver/install/svs_interfaces/share/svs_interfaces/package.zsh'
[0.627s] Level 1:colcon.colcon_core.environment:create_file_with_runtime_dependencies(/home/ginnie/colcon_ws/src/svs_driver/install/svs_interfaces/share/colcon-core/packages/svs_interfaces)
[0.656s] DEBUG:colcon.colcon_core.event_handler.log_command:Invoking command in '/home/ginnie/colcon_ws/src/svs_driver/svs_driver': PYTHONPATH=/home/ginnie/colcon_ws/src/svs_driver/build/svs_driver/prefix_override:/usr/lib/python3/dist-packages/colcon_core/task/python/colcon_distutils_commands:/home/ginnie/colcon_ws/src/svs_driver/install/svs_driver/lib/python3.10/site-packages:${PYTHONPATH} /usr/bin/python3 -W ignore:setup.py install is deprecated -W ignore:easy_install command is deprecated setup.py egg_info --egg-base ../build/svs_driver build --build-base /home/ginnie/colcon_ws/src/svs_driver/build/svs_driver/build install --record /home/ginnie/colcon_ws/src/svs_driver/build/svs_driver/install.log --single-version-externally-managed install_data
[0.815s] Level 1:colcon.colcon_core.environment:checking '/home/ginnie/colcon_ws/src/svs_driver/install/svs_driver' for CMake module files
[0.816s] DEBUG:colcon.colcon_core.event_handler.log_command:Invoked command in '/home/ginnie/colcon_ws/src/svs_driver/svs_driver' returned '0': PYTHONPATH=/home/ginnie/colcon_ws/src/svs_driver/build/svs_driver/prefix_override:/usr/lib/python3/dist-packages/colcon_core/task/python/colcon_distutils_commands:/home/ginnie/colcon_ws/src/svs_driver/install/svs_driver/lib/python3.10/site-packages:${PYTHONPATH} /usr/bin/python3 -W ignore:setup.py install is deprecated -W ignore:easy_install command is deprecated setup.py egg_info --egg-base ../build/svs_driver build --build-base /home/ginnie/colcon_ws/src/svs_driver/build/svs_driver/build install --record /home/ginnie/colcon_ws/src/svs_driver/build/svs_driver/install.log --single-version-externally-managed install_data
[0.816s] Level 1:colcon.colcon_core.environment:checking '/home/ginnie/colcon_ws/src/svs_driver/install/svs_driver' for CMake config files
[0.816s] Level 1:colcon.colcon_core.environment:checking '/home/ginnie/colcon_ws/src/svs_driver/install/svs_driver/lib'
[0.816s] Level 1:colcon.colcon_core.environment:checking '/home/ginnie/colcon_ws/src/svs_driver/install/svs_driver/bin'
[0.816s] Level 1:colcon.colcon_core.environment:checking '/home/ginnie/colcon_ws/src/svs_driver/install/svs_driver/lib/pkgconfig/svs_driver.pc'
[0.816s] Level 1:colcon.colcon_core.environment:checking '/home/ginnie/colcon_ws/src/svs_driver/install/svs_driver/lib/python3.10/site-packages'
[0.816s] Level 1:colcon.colcon_core.shell:create_environment_hook('svs_driver', 'pythonpath')
[0.816s] INFO:colcon.colcon_core.shell:Creating environment hook '/home/ginnie/colcon_ws/src/svs_driver/install/svs_driver/share/svs_driver/hook/pythonpath.ps1'
[0.817s] INFO:colcon.colcon_core.shell:Creating environment descriptor '/home/ginnie/colcon_ws/src/svs_driver/install/svs_driver/share/svs_driver/hook/pythonpath.dsv'
[0.817s] INFO:colcon.colcon_core.shell:Creating environment hook '/home/ginnie/colcon_ws/src/svs_driver/install/svs_driver/share/svs_driver/hook/pythonpath.sh'
[0.817s] Level 1:colcon.colcon_core.environment:checking '/home/ginnie/colcon_ws/src/svs_driver/install/svs_driver/bin'
[0.817s] Level 1:colcon.colcon_core.environment:create_environment_scripts_only(svs_driver)
[0.817s] INFO:colcon.colcon_core.shell:Creating package script '/home/ginnie/colcon_ws/src/svs_driver/install/svs_driver/share/svs_driver/package.ps1'
[0.818s] INFO:colcon.colcon_core.shell:Creating package descriptor '/home/ginnie/colcon_ws/src/svs_driver/install/svs_driver/share/svs_driver/package.dsv'
[0.818s] INFO:colcon.colcon_core.shell:Creating package script '/home/ginnie/colcon_ws/src/svs_driver/install/svs_driver/share/svs_driver/package.sh'
[0.818s] INFO:colcon.colcon_core.shell:Creating package script '/home/ginnie/colcon_ws/src/svs_driver/install/svs_driver/share/svs_driver/package.bash'
[0.818s] INFO:colcon.colcon_core.shell:Creating package script '/home/ginnie/colcon_ws/src/svs_driver/install/svs_driver/share/svs_driver/package.zsh'
[0.818s] Level 1:colcon.colcon_core.environment:create_file_with_runtime_dependencies(/home/ginnie/colcon_ws/src/svs_driver/install/svs_driver/share/colcon-core/packages/svs_driver)
[0.818s] DEBUG:colcon.colcon_parallel_executor.executor.parallel:closing loop
[0.818s] DEBUG:colcon.colcon_parallel_executor.executor.parallel:loop closed
[0.819s] DEBUG:colcon.colcon_parallel_executor.executor.parallel:run_until_complete finished with '0'
[0.819s] DEBUG:colcon.colcon_core.event_reactor:joining thread
[0.822s] INFO:colcon.colcon_core.plugin_system:Skipping extension 'colcon_notification.desktop_notification.terminal_notifier': Not used on non-Darwin systems
[0.822s] INFO:colcon.colcon_core.plugin_system:Skipping extension 'colcon_notification.desktop_notification.win32': Not used on non-Windows systems
[0.822s] INFO:colcon.colcon_notification.desktop_notification:Sending desktop notification using 'notify2'
[0.830s] DEBUG:colcon.colcon_core.event_reactor:joined thread
[0.830s] INFO:colcon.colcon_core.shell:Creating prefix script '/home/ginnie/colcon_ws/src/svs_driver/install/local_setup.ps1'
[0.831s] INFO:colcon.colcon_core.shell:Creating prefix util module '/home/ginnie/colcon_ws/src/svs_driver/install/_local_setup_util_ps1.py'
[0.831s] INFO:colcon.colcon_core.shell:Creating prefix chain script '/home/ginnie/colcon_ws/src/svs_driver/install/setup.ps1'
[0.832s] INFO:colcon.colcon_core.shell:Creating prefix script '/home/ginnie/colcon_ws/src/svs_driver/install/local_setup.sh'
[0.832s] INFO:colcon.colcon_core.shell:Creating prefix util module '/home/ginnie/colcon_ws/src/svs_driver/install/_local_setup_util_sh.py'
[0.832s] INFO:colcon.colcon_core.shell:Creating prefix chain script '/home/ginnie/colcon_ws/src/svs_driver/install/setup.sh'
[0.833s] INFO:colcon.colcon_core.shell:Creating prefix script '/home/ginnie/colcon_ws/src/svs_driver/install/local_setup.bash'
[0.833s] INFO:colcon.colcon_core.shell:Creating prefix chain script '/home/ginnie/colcon_ws/src/svs_driver/install/setup.bash'
[0.834s] INFO:colcon.colcon_core.shell:Creating prefix script '/home/ginnie/colcon_ws/src/svs_driver/install/local_setup.zsh'
[0.834s] INFO:colcon.colcon_core.shell:Creating prefix chain script '/home/ginnie/colcon_ws/src/svs_driver/install/setup.zsh'
